{"C:\\Users\\GAB\\Desktop\\ELM\\src\\index.ts": {"path":"C:\\Users\\GAB\\Desktop\\ELM\\src\\index.ts","statementMap":{"0":{"start":{"line":1,"column":0},"end":{"line":1,"column":29}},"1":{"start":{"line":2,"column":0},"end":{"line":2,"column":63}},"2":{"start":{"line":3,"column":0},"end":{"line":3,"column":48}},"3":{"start":{"line":4,"column":0},"end":{"line":4,"column":57}},"4":{"start":{"line":5,"column":0},"end":{"line":5,"column":23}},"5":{"start":{"line":6,"column":0},"end":{"line":6,"column":54}},"6":{"start":{"line":10,"column":22},"end":{"line":32,"column":1}},"7":{"start":{"line":12,"column":16},"end":{"line":12,"column":25}},"8":{"start":{"line":14,"column":4},"end":{"line":14,"column":28}},"9":{"start":{"line":15,"column":4},"end":{"line":18,"column":null}},"10":{"start":{"line":21,"column":8},"end":{"line":21,"column":null}},"11":{"start":{"line":22,"column":8},"end":{"line":22,"column":null}},"12":{"start":{"line":23,"column":8},"end":{"line":23,"column":null}},"13":{"start":{"line":24,"column":8},"end":{"line":24,"column":null}},"14":{"start":{"line":26,"column":4},"end":{"line":28,"column":7}},"15":{"start":{"line":27,"column":8},"end":{"line":27,"column":53}},"16":{"start":{"line":30,"column":4},"end":{"line":30,"column":15}},"17":{"start":{"line":34,"column":12},"end":{"line":34,"column":27}},"18":{"start":{"line":36,"column":0},"end":{"line":36,"column":19}}},"fnMap":{"0":{"name":"(anonymous_1)","decl":{"start":{"line":10,"column":22},"end":{"line":10,"column":25}},"loc":{"start":{"line":10,"column":27},"end":{"line":32,"column":1}}},"1":{"name":"(anonymous_2)","decl":{"start":{"line":26,"column":17},"end":{"line":26,"column":18}},"loc":{"start":{"line":26,"column":28},"end":{"line":28,"column":5}}}},"branchMap":{},"s":{"0":4,"1":4,"2":4,"3":4,"4":4,"5":4,"6":4,"7":4,"8":4,"9":4,"10":4,"11":4,"12":4,"13":4,"14":4,"15":0,"16":4,"17":4,"18":4},"f":{"0":4,"1":0},"b":{}}
,"C:\\Users\\GAB\\Desktop\\ELM\\src\\server.ts": {"path":"C:\\Users\\GAB\\Desktop\\ELM\\src\\server.ts","statementMap":{"0":{"start":{"line":1,"column":0},"end":{"line":1,"column":26}},"1":{"start":{"line":2,"column":0},"end":{"line":2,"column":28}},"2":{"start":{"line":3,"column":0},"end":{"line":3,"column":38}},"3":{"start":{"line":6,"column":0},"end":{"line":6,"column":16}},"4":{"start":{"line":12,"column":13},"end":{"line":12,"column":29}},"5":{"start":{"line":13,"column":0},"end":{"line":15,"column":null}},"6":{"start":{"line":14,"column":4},"end":{"line":14,"column":71}},"7":{"start":{"line":18,"column":0},"end":{"line":20,"column":75}},"8":{"start":{"line":19,"column":16},"end":{"line":19,"column":49}},"9":{"start":{"line":20,"column":25},"end":{"line":20,"column":73}}},"fnMap":{"0":{"name":"(anonymous_1)","decl":{"start":{"line":13,"column":17},"end":{"line":13,"column":20}},"loc":{"start":{"line":13,"column":22},"end":{"line":15,"column":1}}},"1":{"name":"(anonymous_2)","decl":{"start":{"line":19,"column":10},"end":{"line":19,"column":13}},"loc":{"start":{"line":19,"column":16},"end":{"line":19,"column":49}}},"2":{"name":"(anonymous_3)","decl":{"start":{"line":20,"column":11},"end":{"line":20,"column":12}},"loc":{"start":{"line":20,"column":25},"end":{"line":20,"column":73}}}},"branchMap":{},"s":{"0":0,"1":0,"2":0,"3":0,"4":0,"5":0,"6":0,"7":0,"8":0,"9":0},"f":{"0":0,"1":0,"2":0},"b":{}}
,"C:\\Users\\GAB\\Desktop\\ELM\\src\\controllers\\comments.controller.ts": {"path":"C:\\Users\\GAB\\Desktop\\ELM\\src\\controllers\\comments.controller.ts","statementMap":{"0":{"start":{"line":1,"column":0},"end":{"line":1,"column":65}},"1":{"start":{"line":4,"column":30},"end":{"line":19,"column":1}},"2":{"start":{"line":5,"column":15},"end":{"line":5,"column":38}},"3":{"start":{"line":7,"column":4},"end":{"line":18,"column":5}},"4":{"start":{"line":8,"column":23},"end":{"line":8,"column":65}},"5":{"start":{"line":9,"column":8},"end":{"line":9,"column":null}},"6":{"start":{"line":11,"column":8},"end":{"line":17,"column":9}},"7":{"start":{"line":12,"column":12},"end":{"line":12,"column":null}},"8":{"start":{"line":13,"column":14},"end":{"line":17,"column":9}},"9":{"start":{"line":14,"column":12},"end":{"line":14,"column":null}},"10":{"start":{"line":16,"column":12},"end":{"line":16,"column":null}},"11":{"start":{"line":4,"column":13},"end":{"line":4,"column":30}},"12":{"start":{"line":21,"column":26},"end":{"line":29,"column":2}},"13":{"start":{"line":23,"column":4},"end":{"line":29,"column":1}},"14":{"start":{"line":24,"column":23},"end":{"line":24,"column":31}},"15":{"start":{"line":25,"column":23},"end":{"line":25,"column":65}},"16":{"start":{"line":26,"column":8},"end":{"line":26,"column":37}},"17":{"start":{"line":28,"column":4},"end":{"line":28,"column":null}},"18":{"start":{"line":21,"column":13},"end":{"line":21,"column":26}},"19":{"start":{"line":32,"column":28},"end":{"line":48,"column":1}},"20":{"start":{"line":33,"column":15},"end":{"line":33,"column":38}},"21":{"start":{"line":34,"column":20},"end":{"line":34,"column":28}},"22":{"start":{"line":35,"column":4},"end":{"line":46,"column":5}},"23":{"start":{"line":36,"column":23},"end":{"line":36,"column":72}},"24":{"start":{"line":37,"column":8},"end":{"line":37,"column":null}},"25":{"start":{"line":39,"column":12},"end":{"line":45,"column":5}},"26":{"start":{"line":40,"column":8},"end":{"line":40,"column":null}},"27":{"start":{"line":41,"column":11},"end":{"line":45,"column":5}},"28":{"start":{"line":42,"column":8},"end":{"line":42,"column":null}},"29":{"start":{"line":44,"column":4},"end":{"line":44,"column":null}},"30":{"start":{"line":32,"column":13},"end":{"line":32,"column":28}}},"fnMap":{"0":{"name":"(anonymous_9)","decl":{"start":{"line":4,"column":30},"end":{"line":4,"column":35}},"loc":{"start":{"line":4,"column":66},"end":{"line":19,"column":1}}},"1":{"name":"(anonymous_10)","decl":{"start":{"line":21,"column":26},"end":{"line":21,"column":31}},"loc":{"start":{"line":21,"column":62},"end":{"line":29,"column":2}}},"2":{"name":"(anonymous_11)","decl":{"start":{"line":32,"column":28},"end":{"line":32,"column":33}},"loc":{"start":{"line":32,"column":64},"end":{"line":48,"column":1}}}},"branchMap":{"0":{"loc":{"start":{"line":11,"column":8},"end":{"line":17,"column":9}},"type":"if","locations":[{"start":{"line":11,"column":8},"end":{"line":17,"column":9}},{"start":{"line":13,"column":14},"end":{"line":17,"column":9}}]},"1":{"loc":{"start":{"line":13,"column":14},"end":{"line":17,"column":9}},"type":"if","locations":[{"start":{"line":13,"column":14},"end":{"line":17,"column":9}},{"start":{"line":15,"column":13},"end":{"line":17,"column":9}}]},"2":{"loc":{"start":{"line":39,"column":12},"end":{"line":45,"column":5}},"type":"if","locations":[{"start":{"line":39,"column":12},"end":{"line":45,"column":5}},{"start":{"line":41,"column":11},"end":{"line":45,"column":5}}]},"3":{"loc":{"start":{"line":41,"column":11},"end":{"line":45,"column":5}},"type":"if","locations":[{"start":{"line":41,"column":11},"end":{"line":45,"column":5}},{"start":{"line":43,"column":11},"end":{"line":45,"column":5}}]}},"s":{"0":4,"1":4,"2":3,"3":3,"4":3,"5":0,"6":3,"7":2,"8":1,"9":1,"10":0,"11":4,"12":4,"13":0,"14":0,"15":0,"16":0,"17":0,"18":4,"19":4,"20":1,"21":1,"22":1,"23":1,"24":0,"25":1,"26":0,"27":1,"28":1,"29":0,"30":4},"f":{"0":3,"1":0,"2":1},"b":{"0":[2,1],"1":[1,0],"2":[0,1],"3":[1,0]}}
,"C:\\Users\\GAB\\Desktop\\ELM\\src\\controllers\\leaverequest.controllers.ts": {"path":"C:\\Users\\GAB\\Desktop\\ELM\\src\\controllers\\leaverequest.controllers.ts","statementMap":{"0":{"start":{"line":2,"column":0},"end":{"line":2,"column":65}},"1":{"start":{"line":4,"column":28},"end":{"line":13,"column":2}},"2":{"start":{"line":6,"column":4},"end":{"line":13,"column":1}},"3":{"start":{"line":7,"column":21},"end":{"line":7,"column":29}},"4":{"start":{"line":8,"column":23},"end":{"line":8,"column":61}},"5":{"start":{"line":10,"column":8},"end":{"line":10,"column":37}},"6":{"start":{"line":12,"column":4},"end":{"line":12,"column":null}},"7":{"start":{"line":4,"column":13},"end":{"line":4,"column":28}},"8":{"start":{"line":16,"column":28},"end":{"line":32,"column":1}},"9":{"start":{"line":17,"column":15},"end":{"line":17,"column":38}},"10":{"start":{"line":19,"column":4},"end":{"line":30,"column":5}},"11":{"start":{"line":20,"column":23},"end":{"line":20,"column":58}},"12":{"start":{"line":21,"column":8},"end":{"line":21,"column":null}},"13":{"start":{"line":23,"column":12},"end":{"line":29,"column":5}},"14":{"start":{"line":24,"column":8},"end":{"line":24,"column":null}},"15":{"start":{"line":25,"column":11},"end":{"line":29,"column":5}},"16":{"start":{"line":26,"column":8},"end":{"line":26,"column":null}},"17":{"start":{"line":28,"column":4},"end":{"line":28,"column":null}},"18":{"start":{"line":16,"column":13},"end":{"line":16,"column":28}},"19":{"start":{"line":34,"column":28},"end":{"line":50,"column":1}},"20":{"start":{"line":35,"column":15},"end":{"line":35,"column":38}},"21":{"start":{"line":37,"column":4},"end":{"line":48,"column":5}},"22":{"start":{"line":38,"column":23},"end":{"line":38,"column":58}},"23":{"start":{"line":39,"column":8},"end":{"line":39,"column":null}},"24":{"start":{"line":41,"column":12},"end":{"line":47,"column":5}},"25":{"start":{"line":42,"column":8},"end":{"line":42,"column":null}},"26":{"start":{"line":43,"column":11},"end":{"line":47,"column":5}},"27":{"start":{"line":44,"column":8},"end":{"line":44,"column":null}},"28":{"start":{"line":46,"column":4},"end":{"line":46,"column":null}},"29":{"start":{"line":34,"column":13},"end":{"line":34,"column":28}},"30":{"start":{"line":52,"column":31},"end":{"line":59,"column":1}},"31":{"start":{"line":53,"column":4},"end":{"line":58,"column":5}},"32":{"start":{"line":54,"column":23},"end":{"line":54,"column":56}},"33":{"start":{"line":55,"column":8},"end":{"line":55,"column":null}},"34":{"start":{"line":57,"column":8},"end":{"line":57,"column":null}},"35":{"start":{"line":52,"column":13},"end":{"line":52,"column":31}},"36":{"start":{"line":64,"column":26},"end":{"line":80,"column":1}},"37":{"start":{"line":65,"column":15},"end":{"line":65,"column":38}},"38":{"start":{"line":66,"column":18},"end":{"line":66,"column":26}},"39":{"start":{"line":67,"column":4},"end":{"line":78,"column":5}},"40":{"start":{"line":68,"column":23},"end":{"line":68,"column":64}},"41":{"start":{"line":69,"column":8},"end":{"line":69,"column":null}},"42":{"start":{"line":71,"column":12},"end":{"line":77,"column":5}},"43":{"start":{"line":72,"column":8},"end":{"line":72,"column":null}},"44":{"start":{"line":73,"column":11},"end":{"line":77,"column":5}},"45":{"start":{"line":74,"column":8},"end":{"line":74,"column":null}},"46":{"start":{"line":76,"column":4},"end":{"line":76,"column":null}},"47":{"start":{"line":64,"column":13},"end":{"line":64,"column":26}},"48":{"start":{"line":82,"column":27},"end":{"line":97,"column":1}},"49":{"start":{"line":83,"column":15},"end":{"line":83,"column":38}},"50":{"start":{"line":85,"column":4},"end":{"line":96,"column":1}},"51":{"start":{"line":86,"column":23},"end":{"line":86,"column":57}},"52":{"start":{"line":87,"column":8},"end":{"line":87,"column":null}},"53":{"start":{"line":89,"column":8},"end":{"line":95,"column":5}},"54":{"start":{"line":90,"column":12},"end":{"line":90,"column":null}},"55":{"start":{"line":91,"column":11},"end":{"line":95,"column":5}},"56":{"start":{"line":92,"column":8},"end":{"line":92,"column":null}},"57":{"start":{"line":94,"column":4},"end":{"line":94,"column":null}},"58":{"start":{"line":82,"column":13},"end":{"line":82,"column":27}}},"fnMap":{"0":{"name":"(anonymous_9)","decl":{"start":{"line":4,"column":28},"end":{"line":4,"column":33}},"loc":{"start":{"line":4,"column":64},"end":{"line":13,"column":2}}},"1":{"name":"(anonymous_10)","decl":{"start":{"line":16,"column":28},"end":{"line":16,"column":33}},"loc":{"start":{"line":16,"column":64},"end":{"line":32,"column":1}}},"2":{"name":"(anonymous_11)","decl":{"start":{"line":34,"column":28},"end":{"line":34,"column":33}},"loc":{"start":{"line":34,"column":64},"end":{"line":50,"column":1}}},"3":{"name":"(anonymous_12)","decl":{"start":{"line":52,"column":31},"end":{"line":52,"column":36}},"loc":{"start":{"line":52,"column":66},"end":{"line":59,"column":1}}},"4":{"name":"(anonymous_13)","decl":{"start":{"line":64,"column":26},"end":{"line":64,"column":31}},"loc":{"start":{"line":64,"column":62},"end":{"line":80,"column":1}}},"5":{"name":"(anonymous_14)","decl":{"start":{"line":82,"column":27},"end":{"line":82,"column":32}},"loc":{"start":{"line":82,"column":63},"end":{"line":97,"column":1}}}},"branchMap":{"0":{"loc":{"start":{"line":23,"column":12},"end":{"line":29,"column":5}},"type":"if","locations":[{"start":{"line":23,"column":12},"end":{"line":29,"column":5}},{"start":{"line":25,"column":11},"end":{"line":29,"column":5}}]},"1":{"loc":{"start":{"line":25,"column":11},"end":{"line":29,"column":5}},"type":"if","locations":[{"start":{"line":25,"column":11},"end":{"line":29,"column":5}},{"start":{"line":27,"column":11},"end":{"line":29,"column":5}}]},"2":{"loc":{"start":{"line":41,"column":12},"end":{"line":47,"column":5}},"type":"if","locations":[{"start":{"line":41,"column":12},"end":{"line":47,"column":5}},{"start":{"line":43,"column":11},"end":{"line":47,"column":5}}]},"3":{"loc":{"start":{"line":43,"column":11},"end":{"line":47,"column":5}},"type":"if","locations":[{"start":{"line":43,"column":11},"end":{"line":47,"column":5}},{"start":{"line":45,"column":11},"end":{"line":47,"column":5}}]},"4":{"loc":{"start":{"line":71,"column":12},"end":{"line":77,"column":5}},"type":"if","locations":[{"start":{"line":71,"column":12},"end":{"line":77,"column":5}},{"start":{"line":73,"column":11},"end":{"line":77,"column":5}}]},"5":{"loc":{"start":{"line":73,"column":11},"end":{"line":77,"column":5}},"type":"if","locations":[{"start":{"line":73,"column":11},"end":{"line":77,"column":5}},{"start":{"line":75,"column":11},"end":{"line":77,"column":5}}]},"6":{"loc":{"start":{"line":89,"column":8},"end":{"line":95,"column":5}},"type":"if","locations":[{"start":{"line":89,"column":8},"end":{"line":95,"column":5}},{"start":{"line":91,"column":11},"end":{"line":95,"column":5}}]},"7":{"loc":{"start":{"line":91,"column":11},"end":{"line":95,"column":5}},"type":"if","locations":[{"start":{"line":91,"column":11},"end":{"line":95,"column":5}},{"start":{"line":93,"column":11},"end":{"line":95,"column":5}}]}},"s":{"0":4,"1":4,"2":1,"3":1,"4":1,"5":1,"6":0,"7":4,"8":4,"9":3,"10":3,"11":3,"12":1,"13":2,"14":1,"15":1,"16":1,"17":0,"18":4,"19":4,"20":2,"21":2,"22":2,"23":0,"24":2,"25":1,"26":1,"27":1,"28":0,"29":4,"30":4,"31":1,"32":1,"33":1,"34":0,"35":4,"36":4,"37":0,"38":0,"39":0,"40":0,"41":0,"42":0,"43":0,"44":0,"45":0,"46":0,"47":4,"48":4,"49":1,"50":1,"51":1,"52":0,"53":1,"54":0,"55":1,"56":1,"57":0,"58":4},"f":{"0":1,"1":3,"2":2,"3":1,"4":0,"5":1},"b":{"0":[1,1],"1":[1,0],"2":[1,1],"3":[1,0],"4":[0,0],"5":[0,0],"6":[0,1],"7":[1,0]}}
,"C:\\Users\\GAB\\Desktop\\ELM\\src\\controllers\\reports.controllers.ts": {"path":"C:\\Users\\GAB\\Desktop\\ELM\\src\\controllers\\reports.controllers.ts","statementMap":{"0":{"start":{"line":3,"column":0},"end":{"line":3,"column":63}},"1":{"start":{"line":5,"column":26},"end":{"line":17,"column":1}},"2":{"start":{"line":6,"column":2},"end":{"line":16,"column":3}},"3":{"start":{"line":7,"column":20},"end":{"line":7,"column":53}},"4":{"start":{"line":8,"column":4},"end":{"line":8,"column":59}},"5":{"start":{"line":10,"column":4},"end":{"line":10,"column":42}},"6":{"start":{"line":11,"column":4},"end":{"line":15,"column":7}},"7":{"start":{"line":5,"column":13},"end":{"line":5,"column":26}}},"fnMap":{"0":{"name":"(anonymous_9)","decl":{"start":{"line":5,"column":26},"end":{"line":5,"column":31}},"loc":{"start":{"line":5,"column":64},"end":{"line":17,"column":1}}}},"branchMap":{"0":{"loc":{"start":{"line":13,"column":13},"end":{"line":13,"column":53}},"type":"binary-expr","locations":[{"start":{"line":13,"column":13},"end":{"line":13,"column":26}},{"start":{"line":13,"column":30},"end":{"line":13,"column":53}}]}},"s":{"0":4,"1":4,"2":1,"3":1,"4":1,"5":0,"6":0,"7":4},"f":{"0":1},"b":{"0":[0,0]}}
,"C:\\Users\\GAB\\Desktop\\ELM\\src\\controllers\\users.controllers.ts": {"path":"C:\\Users\\GAB\\Desktop\\ELM\\src\\controllers\\users.controllers.ts","statementMap":{"0":{"start":{"line":2,"column":0},"end":{"line":2,"column":57}},"1":{"start":{"line":4,"column":26},"end":{"line":12,"column":1}},"2":{"start":{"line":5,"column":2},"end":{"line":11,"column":3}},"3":{"start":{"line":6,"column":17},"end":{"line":6,"column":25}},"4":{"start":{"line":7,"column":19},"end":{"line":7,"column":53}},"5":{"start":{"line":8,"column":4},"end":{"line":8,"column":33}},"6":{"start":{"line":10,"column":4},"end":{"line":10,"column":61}},"7":{"start":{"line":4,"column":13},"end":{"line":4,"column":26}},"8":{"start":{"line":14,"column":28},"end":{"line":21,"column":1}},"9":{"start":{"line":15,"column":2},"end":{"line":20,"column":3}},"10":{"start":{"line":16,"column":18},"end":{"line":16,"column":47}},"11":{"start":{"line":17,"column":4},"end":{"line":17,"column":40}},"12":{"start":{"line":19,"column":4},"end":{"line":19,"column":61}},"13":{"start":{"line":14,"column":13},"end":{"line":14,"column":28}},"14":{"start":{"line":23,"column":27},"end":{"line":38,"column":1}},"15":{"start":{"line":24,"column":13},"end":{"line":24,"column":36}},"16":{"start":{"line":26,"column":2},"end":{"line":37,"column":3}},"17":{"start":{"line":27,"column":19},"end":{"line":27,"column":52}},"18":{"start":{"line":28,"column":4},"end":{"line":28,"column":33}},"19":{"start":{"line":30,"column":4},"end":{"line":36,"column":5}},"20":{"start":{"line":31,"column":6},"end":{"line":31,"column":59}},"21":{"start":{"line":32,"column":11},"end":{"line":36,"column":5}},"22":{"start":{"line":33,"column":6},"end":{"line":33,"column":58}},"23":{"start":{"line":35,"column":6},"end":{"line":35,"column":63}},"24":{"start":{"line":23,"column":13},"end":{"line":23,"column":27}},"25":{"start":{"line":39,"column":26},"end":{"line":55,"column":1}},"26":{"start":{"line":40,"column":13},"end":{"line":40,"column":36}},"27":{"start":{"line":41,"column":15},"end":{"line":41,"column":23}},"28":{"start":{"line":43,"column":2},"end":{"line":54,"column":3}},"29":{"start":{"line":44,"column":19},"end":{"line":44,"column":57}},"30":{"start":{"line":45,"column":4},"end":{"line":45,"column":33}},"31":{"start":{"line":47,"column":4},"end":{"line":53,"column":5}},"32":{"start":{"line":48,"column":6},"end":{"line":48,"column":59}},"33":{"start":{"line":49,"column":11},"end":{"line":53,"column":5}},"34":{"start":{"line":50,"column":6},"end":{"line":50,"column":58}},"35":{"start":{"line":52,"column":6},"end":{"line":52,"column":63}},"36":{"start":{"line":39,"column":13},"end":{"line":39,"column":26}},"37":{"start":{"line":57,"column":30},"end":{"line":73,"column":1}},"38":{"start":{"line":58,"column":13},"end":{"line":58,"column":36}},"39":{"start":{"line":59,"column":15},"end":{"line":59,"column":23}},"40":{"start":{"line":61,"column":2},"end":{"line":72,"column":3}},"41":{"start":{"line":62,"column":19},"end":{"line":62,"column":61}},"42":{"start":{"line":63,"column":4},"end":{"line":63,"column":33}},"43":{"start":{"line":65,"column":4},"end":{"line":71,"column":5}},"44":{"start":{"line":66,"column":6},"end":{"line":66,"column":59}},"45":{"start":{"line":67,"column":11},"end":{"line":71,"column":5}},"46":{"start":{"line":68,"column":6},"end":{"line":68,"column":58}},"47":{"start":{"line":70,"column":6},"end":{"line":70,"column":63}},"48":{"start":{"line":57,"column":13},"end":{"line":57,"column":30}},"49":{"start":{"line":80,"column":26},"end":{"line":95,"column":1}},"50":{"start":{"line":81,"column":13},"end":{"line":81,"column":36}},"51":{"start":{"line":83,"column":2},"end":{"line":94,"column":3}},"52":{"start":{"line":84,"column":19},"end":{"line":84,"column":51}},"53":{"start":{"line":85,"column":4},"end":{"line":85,"column":33}},"54":{"start":{"line":87,"column":4},"end":{"line":93,"column":5}},"55":{"start":{"line":88,"column":6},"end":{"line":88,"column":59}},"56":{"start":{"line":89,"column":11},"end":{"line":93,"column":5}},"57":{"start":{"line":90,"column":6},"end":{"line":90,"column":58}},"58":{"start":{"line":92,"column":6},"end":{"line":92,"column":63}},"59":{"start":{"line":80,"column":13},"end":{"line":80,"column":26}},"60":{"start":{"line":97,"column":24},"end":{"line":112,"column":1}},"61":{"start":{"line":98,"column":4},"end":{"line":111,"column":5}},"62":{"start":{"line":99,"column":36},"end":{"line":99,"column":44}},"63":{"start":{"line":101,"column":23},"end":{"line":101,"column":68}},"64":{"start":{"line":102,"column":8},"end":{"line":102,"column":37}},"65":{"start":{"line":104,"column":8},"end":{"line":110,"column":9}},"66":{"start":{"line":105,"column":12},"end":{"line":105,"column":59}},"67":{"start":{"line":106,"column":15},"end":{"line":110,"column":9}},"68":{"start":{"line":107,"column":12},"end":{"line":107,"column":59}},"69":{"start":{"line":109,"column":12},"end":{"line":109,"column":59}},"70":{"start":{"line":97,"column":13},"end":{"line":97,"column":24}}},"fnMap":{"0":{"name":"(anonymous_9)","decl":{"start":{"line":4,"column":26},"end":{"line":4,"column":31}},"loc":{"start":{"line":4,"column":64},"end":{"line":12,"column":1}}},"1":{"name":"(anonymous_10)","decl":{"start":{"line":14,"column":28},"end":{"line":14,"column":33}},"loc":{"start":{"line":14,"column":66},"end":{"line":21,"column":1}}},"2":{"name":"(anonymous_11)","decl":{"start":{"line":23,"column":27},"end":{"line":23,"column":32}},"loc":{"start":{"line":23,"column":65},"end":{"line":38,"column":1}}},"3":{"name":"(anonymous_12)","decl":{"start":{"line":39,"column":26},"end":{"line":39,"column":31}},"loc":{"start":{"line":39,"column":64},"end":{"line":55,"column":1}}},"4":{"name":"(anonymous_13)","decl":{"start":{"line":57,"column":30},"end":{"line":57,"column":35}},"loc":{"start":{"line":57,"column":68},"end":{"line":73,"column":1}}},"5":{"name":"(anonymous_14)","decl":{"start":{"line":80,"column":26},"end":{"line":80,"column":31}},"loc":{"start":{"line":80,"column":64},"end":{"line":95,"column":1}}},"6":{"name":"(anonymous_15)","decl":{"start":{"line":97,"column":24},"end":{"line":97,"column":29}},"loc":{"start":{"line":97,"column":62},"end":{"line":112,"column":1}}}},"branchMap":{"0":{"loc":{"start":{"line":30,"column":4},"end":{"line":36,"column":5}},"type":"if","locations":[{"start":{"line":30,"column":4},"end":{"line":36,"column":5}},{"start":{"line":32,"column":11},"end":{"line":36,"column":5}}]},"1":{"loc":{"start":{"line":32,"column":11},"end":{"line":36,"column":5}},"type":"if","locations":[{"start":{"line":32,"column":11},"end":{"line":36,"column":5}},{"start":{"line":34,"column":11},"end":{"line":36,"column":5}}]},"2":{"loc":{"start":{"line":47,"column":4},"end":{"line":53,"column":5}},"type":"if","locations":[{"start":{"line":47,"column":4},"end":{"line":53,"column":5}},{"start":{"line":49,"column":11},"end":{"line":53,"column":5}}]},"3":{"loc":{"start":{"line":49,"column":11},"end":{"line":53,"column":5}},"type":"if","locations":[{"start":{"line":49,"column":11},"end":{"line":53,"column":5}},{"start":{"line":51,"column":11},"end":{"line":53,"column":5}}]},"4":{"loc":{"start":{"line":65,"column":4},"end":{"line":71,"column":5}},"type":"if","locations":[{"start":{"line":65,"column":4},"end":{"line":71,"column":5}},{"start":{"line":67,"column":11},"end":{"line":71,"column":5}}]},"5":{"loc":{"start":{"line":67,"column":11},"end":{"line":71,"column":5}},"type":"if","locations":[{"start":{"line":67,"column":11},"end":{"line":71,"column":5}},{"start":{"line":69,"column":11},"end":{"line":71,"column":5}}]},"6":{"loc":{"start":{"line":87,"column":4},"end":{"line":93,"column":5}},"type":"if","locations":[{"start":{"line":87,"column":4},"end":{"line":93,"column":5}},{"start":{"line":89,"column":11},"end":{"line":93,"column":5}}]},"7":{"loc":{"start":{"line":89,"column":11},"end":{"line":93,"column":5}},"type":"if","locations":[{"start":{"line":89,"column":11},"end":{"line":93,"column":5}},{"start":{"line":91,"column":11},"end":{"line":93,"column":5}}]},"8":{"loc":{"start":{"line":104,"column":8},"end":{"line":110,"column":9}},"type":"if","locations":[{"start":{"line":104,"column":8},"end":{"line":110,"column":9}},{"start":{"line":106,"column":15},"end":{"line":110,"column":9}}]},"9":{"loc":{"start":{"line":106,"column":15},"end":{"line":110,"column":9}},"type":"if","locations":[{"start":{"line":106,"column":15},"end":{"line":110,"column":9}},{"start":{"line":108,"column":15},"end":{"line":110,"column":9}}]}},"s":{"0":4,"1":4,"2":1,"3":1,"4":1,"5":1,"6":0,"7":4,"8":4,"9":1,"10":1,"11":1,"12":0,"13":4,"14":4,"15":3,"16":3,"17":3,"18":1,"19":2,"20":1,"21":1,"22":1,"23":0,"24":4,"25":4,"26":2,"27":2,"28":2,"29":2,"30":1,"31":1,"32":0,"33":1,"34":1,"35":0,"36":4,"37":4,"38":1,"39":1,"40":1,"41":1,"42":1,"43":0,"44":0,"45":0,"46":0,"47":0,"48":4,"49":4,"50":2,"51":2,"52":2,"53":1,"54":1,"55":0,"56":1,"57":1,"58":0,"59":4,"60":4,"61":7,"62":7,"63":7,"64":5,"65":2,"66":1,"67":1,"68":1,"69":0,"70":4},"f":{"0":1,"1":1,"2":3,"3":2,"4":1,"5":2,"6":7},"b":{"0":[1,1],"1":[1,0],"2":[0,1],"3":[1,0],"4":[0,0],"5":[0,0],"6":[0,1],"7":[1,0],"8":[1,1],"9":[1,0]}}
,"C:\\Users\\GAB\\Desktop\\ELM\\src\\db\\config.ts": {"path":"C:\\Users\\GAB\\Desktop\\ELM\\src\\db\\config.ts","statementMap":{"0":{"start":{"line":1,"column":0},"end":{"line":1,"column":28}},"1":{"start":{"line":2,"column":0},"end":{"line":2,"column":28}},"2":{"start":{"line":3,"column":0},"end":{"line":3,"column":24}},"3":{"start":{"line":5,"column":0},"end":{"line":5,"column":16}},"4":{"start":{"line":13,"column":4},"end":{"line":13,"column":15}},"5":{"start":{"line":15,"column":0},"end":{"line":15,"column":33}},"6":{"start":{"line":16,"column":0},"end":{"line":16,"column":45}},"7":{"start":{"line":17,"column":0},"end":{"line":17,"column":41}},"8":{"start":{"line":18,"column":0},"end":{"line":18,"column":39}},"9":{"start":{"line":19,"column":0},"end":{"line":19,"column":37}},"10":{"start":{"line":21,"column":13},"end":{"line":38,"column":2}},"11":{"start":{"line":40,"column":23},"end":{"line":48,"column":1}},"12":{"start":{"line":41,"column":2},"end":{"line":47,"column":3}},"13":{"start":{"line":42,"column":17},"end":{"line":42,"column":52}},"14":{"start":{"line":43,"column":4},"end":{"line":43,"column":16}},"15":{"start":{"line":45,"column":4},"end":{"line":45,"column":48}},"16":{"start":{"line":46,"column":4},"end":{"line":46,"column":16}},"17":{"start":{"line":40,"column":13},"end":{"line":40,"column":23}}},"fnMap":{"0":{"name":"(anonymous_1)","decl":{"start":{"line":40,"column":23},"end":{"line":40,"column":28}},"loc":{"start":{"line":40,"column":34},"end":{"line":48,"column":1}}}},"branchMap":{},"s":{"0":8,"1":8,"2":8,"3":8,"4":8,"5":8,"6":8,"7":8,"8":8,"9":8,"10":8,"11":8,"12":37,"13":37,"14":37,"15":0,"16":0,"17":8},"f":{"0":37},"b":{}}
,"C:\\Users\\GAB\\Desktop\\ELM\\src\\middleware\\bearAuth.ts": {"path":"C:\\Users\\GAB\\Desktop\\ELM\\src\\middleware\\bearAuth.ts","statementMap":{"0":{"start":{"line":1,"column":0},"end":{"line":1,"column":31}},"1":{"start":{"line":2,"column":0},"end":{"line":2,"column":28}},"2":{"start":{"line":5,"column":0},"end":{"line":5,"column":16}},"3":{"start":{"line":7,"column":26},"end":{"line":57,"column":1}},"4":{"start":{"line":8,"column":4},"end":{"line":56,"column":null}},"5":{"start":{"line":9,"column":27},"end":{"line":9,"column":52}},"6":{"start":{"line":12,"column":8},"end":{"line":15,"column":9}},"7":{"start":{"line":13,"column":12},"end":{"line":13,"column":62}},"8":{"start":{"line":14,"column":12},"end":{"line":14,"column":19}},"9":{"start":{"line":17,"column":22},"end":{"line":17,"column":46}},"10":{"start":{"line":19,"column":8},"end":{"line":55,"column":9}},"11":{"start":{"line":21,"column":28},"end":{"line":21,"column":79}},"12":{"start":{"line":24,"column":13},"end":{"line":24,"column":40}},"13":{"start":{"line":27,"column":12},"end":{"line":50,"column":13}},"14":{"start":{"line":32,"column":16},"end":{"line":42,"column":17}},"15":{"start":{"line":34,"column":20},"end":{"line":37,"column":21}},"16":{"start":{"line":35,"column":24},"end":{"line":35,"column":31}},"17":{"start":{"line":36,"column":24},"end":{"line":36,"column":31}},"18":{"start":{"line":38,"column":23},"end":{"line":42,"column":17}},"19":{"start":{"line":40,"column":20},"end":{"line":40,"column":27}},"20":{"start":{"line":41,"column":20},"end":{"line":41,"column":27}},"21":{"start":{"line":44,"column":16},"end":{"line":44,"column":66}},"22":{"start":{"line":45,"column":16},"end":{"line":45,"column":23}},"23":{"start":{"line":48,"column":16},"end":{"line":48,"column":75}},"24":{"start":{"line":49,"column":16},"end":{"line":49,"column":23}},"25":{"start":{"line":53,"column":12},"end":{"line":53,"column":63}},"26":{"start":{"line":54,"column":12},"end":{"line":54,"column":19}},"27":{"start":{"line":7,"column":13},"end":{"line":7,"column":26}},"28":{"start":{"line":59,"column":13},"end":{"line":59,"column":45}},"29":{"start":{"line":60,"column":13},"end":{"line":60,"column":47}},"30":{"start":{"line":61,"column":13},"end":{"line":61,"column":44}}},"fnMap":{"0":{"name":"(anonymous_1)","decl":{"start":{"line":7,"column":26},"end":{"line":7,"column":27}},"loc":{"start":{"line":7,"column":74},"end":{"line":57,"column":1}}},"1":{"name":"(anonymous_2)","decl":{"start":{"line":8,"column":11},"end":{"line":8,"column":12}},"loc":{"start":{"line":8,"column":69},"end":{"line":56,"column":5}}}},"branchMap":{"0":{"loc":{"start":{"line":12,"column":8},"end":{"line":15,"column":9}},"type":"if","locations":[{"start":{"line":12,"column":8},"end":{"line":15,"column":9}},{"start":{},"end":{}}]},"1":{"loc":{"start":{"line":12,"column":12},"end":{"line":12,"column":60}},"type":"binary-expr","locations":[{"start":{"line":12,"column":12},"end":{"line":12,"column":23}},{"start":{"line":12,"column":27},"end":{"line":12,"column":60}}]},"2":{"loc":{"start":{"line":27,"column":12},"end":{"line":50,"column":13}},"type":"if","locations":[{"start":{"line":27,"column":12},"end":{"line":50,"column":13}},{"start":{"line":46,"column":19},"end":{"line":50,"column":13}}]},"3":{"loc":{"start":{"line":27,"column":16},"end":{"line":29,"column":33}},"type":"binary-expr","locations":[{"start":{"line":27,"column":16},"end":{"line":27,"column":43}},{"start":{"line":28,"column":16},"end":{"line":28,"column":32}},{"start":{"line":29,"column":16},"end":{"line":29,"column":33}}]},"4":{"loc":{"start":{"line":32,"column":16},"end":{"line":42,"column":17}},"type":"if","locations":[{"start":{"line":32,"column":16},"end":{"line":42,"column":17}},{"start":{"line":38,"column":23},"end":{"line":42,"column":17}}]},"5":{"loc":{"start":{"line":34,"column":20},"end":{"line":37,"column":21}},"type":"if","locations":[{"start":{"line":34,"column":20},"end":{"line":37,"column":21}},{"start":{},"end":{}}]},"6":{"loc":{"start":{"line":34,"column":24},"end":{"line":34,"column":79}},"type":"binary-expr","locations":[{"start":{"line":34,"column":24},"end":{"line":34,"column":48}},{"start":{"line":34,"column":52},"end":{"line":34,"column":79}}]},"7":{"loc":{"start":{"line":38,"column":23},"end":{"line":42,"column":17}},"type":"if","locations":[{"start":{"line":38,"column":23},"end":{"line":42,"column":17}},{"start":{},"end":{}}]}},"s":{"0":4,"1":4,"2":4,"3":4,"4":12,"5":18,"6":18,"7":0,"8":0,"9":18,"10":18,"11":18,"12":18,"13":18,"14":18,"15":0,"16":0,"17":0,"18":18,"19":18,"20":18,"21":0,"22":0,"23":0,"24":0,"25":0,"26":0,"27":4,"28":4,"29":4,"30":4},"f":{"0":12,"1":18},"b":{"0":[0,18],"1":[18,18],"2":[18,0],"3":[18,18,18],"4":[0,18],"5":[0,0],"6":[0,0],"7":[18,0]}}
,"C:\\Users\\GAB\\Desktop\\ELM\\src\\repositories\\comments.repository.ts": {"path":"C:\\Users\\GAB\\Desktop\\ELM\\src\\repositories\\comments.repository.ts","statementMap":{"0":{"start":{"line":1,"column":0},"end":{"line":1,"column":38}},"1":{"start":{"line":4,"column":31},"end":{"line":11,"column":2}},"2":{"start":{"line":5,"column":17},"end":{"line":5,"column":32}},"3":{"start":{"line":6,"column":19},"end":{"line":9,"column":62}},"4":{"start":{"line":10,"column":8},"end":{"line":10,"column":null}},"5":{"start":{"line":4,"column":14},"end":{"line":4,"column":31}},"6":{"start":{"line":14,"column":27},"end":{"line":24,"column":2}},"7":{"start":{"line":15,"column":18},"end":{"line":15,"column":33}},"8":{"start":{"line":16,"column":5},"end":{"line":22,"column":null}},"9":{"start":{"line":23,"column":5},"end":{"line":23,"column":null}},"10":{"start":{"line":14,"column":14},"end":{"line":14,"column":27}},"11":{"start":{"line":26,"column":30},"end":{"line":37,"column":1}},"12":{"start":{"line":27,"column":18},"end":{"line":27,"column":33}},"13":{"start":{"line":28,"column":5},"end":{"line":35,"column":null}},"14":{"start":{"line":36,"column":4},"end":{"line":36,"column":null}},"15":{"start":{"line":26,"column":14},"end":{"line":26,"column":30}}},"fnMap":{"0":{"name":"(anonymous_0)","decl":{"start":{"line":4,"column":31},"end":{"line":4,"column":36}},"loc":{"start":{"line":4,"column":50},"end":{"line":11,"column":2}}},"1":{"name":"(anonymous_1)","decl":{"start":{"line":14,"column":27},"end":{"line":14,"column":32}},"loc":{"start":{"line":14,"column":57},"end":{"line":24,"column":2}}},"2":{"name":"(anonymous_2)","decl":{"start":{"line":26,"column":30},"end":{"line":26,"column":35}},"loc":{"start":{"line":26,"column":70},"end":{"line":37,"column":1}}}},"branchMap":{},"s":{"0":5,"1":5,"2":2,"3":2,"4":2,"5":5,"6":5,"7":0,"8":0,"9":0,"10":5,"11":5,"12":0,"13":0,"14":0,"15":5},"f":{"0":2,"1":0,"2":0},"b":{}}
,"C:\\Users\\GAB\\Desktop\\ELM\\src\\repositories\\leaverequest.repository.ts": {"path":"C:\\Users\\GAB\\Desktop\\ELM\\src\\repositories\\leaverequest.repository.ts","statementMap":{"0":{"start":{"line":1,"column":0},"end":{"line":1,"column":39}},"1":{"start":{"line":4,"column":28},"end":{"line":14,"column":1}},"2":{"start":{"line":5,"column":17},"end":{"line":5,"column":32}},"3":{"start":{"line":6,"column":4},"end":{"line":12,"column":null}},"4":{"start":{"line":13,"column":4},"end":{"line":13,"column":null}},"5":{"start":{"line":4,"column":13},"end":{"line":4,"column":28}},"6":{"start":{"line":16,"column":28},"end":{"line":37,"column":1}},"7":{"start":{"line":17,"column":17},"end":{"line":17,"column":32}},"8":{"start":{"line":18,"column":19},"end":{"line":35,"column":10}},"9":{"start":{"line":36,"column":4},"end":{"line":36,"column":28}},"10":{"start":{"line":16,"column":13},"end":{"line":16,"column":28}},"11":{"start":{"line":40,"column":28},"end":{"line":47,"column":1}},"12":{"start":{"line":41,"column":17},"end":{"line":41,"column":32}},"13":{"start":{"line":42,"column":19},"end":{"line":45,"column":62}},"14":{"start":{"line":46,"column":8},"end":{"line":46,"column":null}},"15":{"start":{"line":40,"column":13},"end":{"line":40,"column":28}},"16":{"start":{"line":51,"column":32},"end":{"line":72,"column":1}},"17":{"start":{"line":52,"column":17},"end":{"line":52,"column":32}},"18":{"start":{"line":53,"column":20},"end":{"line":69,"column":6}},"19":{"start":{"line":71,"column":4},"end":{"line":71,"column":29}},"20":{"start":{"line":51,"column":13},"end":{"line":51,"column":32}},"21":{"start":{"line":77,"column":27},"end":{"line":87,"column":1}},"22":{"start":{"line":78,"column":17},"end":{"line":78,"column":32}},"23":{"start":{"line":79,"column":4},"end":{"line":85,"column":null}},"24":{"start":{"line":86,"column":4},"end":{"line":86,"column":null}},"25":{"start":{"line":77,"column":13},"end":{"line":77,"column":27}},"26":{"start":{"line":90,"column":29},"end":{"line":97,"column":1}},"27":{"start":{"line":91,"column":17},"end":{"line":91,"column":32}},"28":{"start":{"line":92,"column":8},"end":{"line":95,"column":null}},"29":{"start":{"line":96,"column":8},"end":{"line":96,"column":null}},"30":{"start":{"line":90,"column":13},"end":{"line":90,"column":29}}},"fnMap":{"0":{"name":"(anonymous_0)","decl":{"start":{"line":4,"column":28},"end":{"line":4,"column":33}},"loc":{"start":{"line":4,"column":60},"end":{"line":14,"column":1}}},"1":{"name":"(anonymous_1)","decl":{"start":{"line":16,"column":28},"end":{"line":16,"column":33}},"loc":{"start":{"line":16,"column":47},"end":{"line":37,"column":1}}},"2":{"name":"(anonymous_2)","decl":{"start":{"line":40,"column":28},"end":{"line":40,"column":33}},"loc":{"start":{"line":40,"column":47},"end":{"line":47,"column":1}}},"3":{"name":"(anonymous_3)","decl":{"start":{"line":51,"column":32},"end":{"line":51,"column":37}},"loc":{"start":{"line":51,"column":69},"end":{"line":72,"column":1}}},"4":{"name":"(anonymous_4)","decl":{"start":{"line":77,"column":27},"end":{"line":77,"column":32}},"loc":{"start":{"line":77,"column":73},"end":{"line":87,"column":1}}},"5":{"name":"(anonymous_5)","decl":{"start":{"line":90,"column":29},"end":{"line":90,"column":34}},"loc":{"start":{"line":90,"column":48},"end":{"line":97,"column":1}}}},"branchMap":{},"s":{"0":5,"1":5,"2":1,"3":1,"4":1,"5":5,"6":5,"7":2,"8":2,"9":2,"10":5,"11":5,"12":2,"13":2,"14":2,"15":5,"16":5,"17":1,"18":1,"19":1,"20":5,"21":5,"22":0,"23":0,"24":0,"25":5,"26":5,"27":0,"28":0,"29":0,"30":5},"f":{"0":1,"1":2,"2":2,"3":1,"4":0,"5":0},"b":{}}
,"C:\\Users\\GAB\\Desktop\\ELM\\src\\repositories\\reportsrepository.ts": {"path":"C:\\Users\\GAB\\Desktop\\ELM\\src\\repositories\\reportsrepository.ts","statementMap":{"0":{"start":{"line":2,"column":0},"end":{"line":2,"column":39}},"1":{"start":{"line":5,"column":29},"end":{"line":16,"column":1}},"2":{"start":{"line":6,"column":15},"end":{"line":6,"column":30}},"3":{"start":{"line":7,"column":17},"end":{"line":14,"column":4}},"4":{"start":{"line":15,"column":2},"end":{"line":15,"column":26}},"5":{"start":{"line":5,"column":13},"end":{"line":5,"column":29}},"6":{"start":{"line":19,"column":30},"end":{"line":30,"column":1}},"7":{"start":{"line":20,"column":15},"end":{"line":20,"column":30}},"8":{"start":{"line":21,"column":17},"end":{"line":28,"column":4}},"9":{"start":{"line":29,"column":2},"end":{"line":29,"column":26}},"10":{"start":{"line":19,"column":13},"end":{"line":19,"column":30}},"11":{"start":{"line":32,"column":30},"end":{"line":45,"column":1}},"12":{"start":{"line":33,"column":15},"end":{"line":33,"column":30}},"13":{"start":{"line":34,"column":17},"end":{"line":43,"column":4}},"14":{"start":{"line":44,"column":2},"end":{"line":44,"column":26}},"15":{"start":{"line":32,"column":13},"end":{"line":32,"column":30}},"16":{"start":{"line":48,"column":30},"end":{"line":54,"column":1}},"17":{"start":{"line":49,"column":15},"end":{"line":49,"column":30}},"18":{"start":{"line":50,"column":17},"end":{"line":52,"column":4}},"19":{"start":{"line":53,"column":2},"end":{"line":53,"column":44}},"20":{"start":{"line":48,"column":13},"end":{"line":48,"column":30}},"21":{"start":{"line":56,"column":37},"end":{"line":68,"column":1}},"22":{"start":{"line":57,"column":15},"end":{"line":57,"column":30}},"23":{"start":{"line":58,"column":17},"end":{"line":66,"column":4}},"24":{"start":{"line":67,"column":2},"end":{"line":67,"column":46}},"25":{"start":{"line":56,"column":13},"end":{"line":56,"column":37}},"26":{"start":{"line":71,"column":33},"end":{"line":82,"column":1}},"27":{"start":{"line":72,"column":15},"end":{"line":72,"column":30}},"28":{"start":{"line":73,"column":17},"end":{"line":80,"column":4}},"29":{"start":{"line":81,"column":2},"end":{"line":81,"column":26}},"30":{"start":{"line":71,"column":13},"end":{"line":71,"column":33}}},"fnMap":{"0":{"name":"(anonymous_0)","decl":{"start":{"line":5,"column":29},"end":{"line":5,"column":34}},"loc":{"start":{"line":5,"column":40},"end":{"line":16,"column":1}}},"1":{"name":"(anonymous_1)","decl":{"start":{"line":19,"column":30},"end":{"line":19,"column":35}},"loc":{"start":{"line":19,"column":41},"end":{"line":30,"column":1}}},"2":{"name":"(anonymous_2)","decl":{"start":{"line":32,"column":30},"end":{"line":32,"column":35}},"loc":{"start":{"line":32,"column":41},"end":{"line":45,"column":1}}},"3":{"name":"(anonymous_3)","decl":{"start":{"line":48,"column":30},"end":{"line":48,"column":35}},"loc":{"start":{"line":48,"column":41},"end":{"line":54,"column":1}}},"4":{"name":"(anonymous_4)","decl":{"start":{"line":56,"column":37},"end":{"line":56,"column":42}},"loc":{"start":{"line":56,"column":48},"end":{"line":68,"column":1}}},"5":{"name":"(anonymous_5)","decl":{"start":{"line":71,"column":33},"end":{"line":71,"column":38}},"loc":{"start":{"line":71,"column":44},"end":{"line":82,"column":1}}}},"branchMap":{},"s":{"0":5,"1":5,"2":1,"3":1,"4":1,"5":5,"6":5,"7":1,"8":1,"9":1,"10":5,"11":5,"12":1,"13":1,"14":1,"15":5,"16":5,"17":1,"18":1,"19":1,"20":5,"21":5,"22":1,"23":1,"24":1,"25":5,"26":5,"27":1,"28":1,"29":1,"30":5},"f":{"0":1,"1":1,"2":1,"3":1,"4":1,"5":1},"b":{}}
,"C:\\Users\\GAB\\Desktop\\ELM\\src\\repositories\\users.repository.ts": {"path":"C:\\Users\\GAB\\Desktop\\ELM\\src\\repositories\\users.repository.ts","statementMap":{"0":{"start":{"line":1,"column":0},"end":{"line":1,"column":39}},"1":{"start":{"line":6,"column":26},"end":{"line":17,"column":1}},"2":{"start":{"line":7,"column":15},"end":{"line":7,"column":30}},"3":{"start":{"line":8,"column":2},"end":{"line":15,"column":131}},"4":{"start":{"line":16,"column":2},"end":{"line":16,"column":59}},"5":{"start":{"line":6,"column":13},"end":{"line":6,"column":26}},"6":{"start":{"line":20,"column":27},"end":{"line":26,"column":1}},"7":{"start":{"line":21,"column":15},"end":{"line":21,"column":30}},"8":{"start":{"line":22,"column":17},"end":{"line":24,"column":31}},"9":{"start":{"line":25,"column":2},"end":{"line":25,"column":26}},"10":{"start":{"line":20,"column":13},"end":{"line":20,"column":27}},"11":{"start":{"line":29,"column":27},"end":{"line":36,"column":1}},"12":{"start":{"line":30,"column":15},"end":{"line":30,"column":30}},"13":{"start":{"line":31,"column":17},"end":{"line":34,"column":51}},"14":{"start":{"line":35,"column":2},"end":{"line":35,"column":29}},"15":{"start":{"line":29,"column":13},"end":{"line":29,"column":27}},"16":{"start":{"line":40,"column":26},"end":{"line":50,"column":1}},"17":{"start":{"line":41,"column":15},"end":{"line":41,"column":30}},"18":{"start":{"line":42,"column":2},"end":{"line":48,"column":95}},"19":{"start":{"line":49,"column":0},"end":{"line":49,"column":56}},"20":{"start":{"line":40,"column":13},"end":{"line":40,"column":26}},"21":{"start":{"line":52,"column":30},"end":{"line":60,"column":1}},"22":{"start":{"line":53,"column":15},"end":{"line":53,"column":30}},"23":{"start":{"line":54,"column":2},"end":{"line":58,"column":69}},"24":{"start":{"line":59,"column":0},"end":{"line":59,"column":56}},"25":{"start":{"line":52,"column":13},"end":{"line":52,"column":30}},"26":{"start":{"line":64,"column":26},"end":{"line":71,"column":1}},"27":{"start":{"line":65,"column":15},"end":{"line":65,"column":30}},"28":{"start":{"line":66,"column":2},"end":{"line":69,"column":48}},"29":{"start":{"line":70,"column":2},"end":{"line":70,"column":59}},"30":{"start":{"line":64,"column":13},"end":{"line":64,"column":26}},"31":{"start":{"line":73,"column":30},"end":{"line":82,"column":1}},"32":{"start":{"line":74,"column":19},"end":{"line":74,"column":34}},"33":{"start":{"line":75,"column":21},"end":{"line":78,"column":56}},"34":{"start":{"line":81,"column":4},"end":{"line":81,"column":39}},"35":{"start":{"line":73,"column":13},"end":{"line":73,"column":30}}},"fnMap":{"0":{"name":"(anonymous_0)","decl":{"start":{"line":6,"column":26},"end":{"line":6,"column":31}},"loc":{"start":{"line":6,"column":47},"end":{"line":17,"column":1}}},"1":{"name":"(anonymous_1)","decl":{"start":{"line":20,"column":27},"end":{"line":20,"column":32}},"loc":{"start":{"line":20,"column":55},"end":{"line":26,"column":1}}},"2":{"name":"(anonymous_2)","decl":{"start":{"line":29,"column":27},"end":{"line":29,"column":32}},"loc":{"start":{"line":29,"column":47},"end":{"line":36,"column":1}}},"3":{"name":"(anonymous_3)","decl":{"start":{"line":40,"column":26},"end":{"line":40,"column":31}},"loc":{"start":{"line":40,"column":59},"end":{"line":50,"column":1}}},"4":{"name":"(anonymous_4)","decl":{"start":{"line":52,"column":30},"end":{"line":52,"column":35}},"loc":{"start":{"line":52,"column":63},"end":{"line":60,"column":1}}},"5":{"name":"(anonymous_5)","decl":{"start":{"line":64,"column":26},"end":{"line":64,"column":31}},"loc":{"start":{"line":64,"column":47},"end":{"line":71,"column":1}}},"6":{"name":"(anonymous_6)","decl":{"start":{"line":73,"column":30},"end":{"line":73,"column":35}},"loc":{"start":{"line":73,"column":75},"end":{"line":82,"column":1}}}},"branchMap":{"0":{"loc":{"start":{"line":81,"column":11},"end":{"line":81,"column":38}},"type":"binary-expr","locations":[{"start":{"line":81,"column":11},"end":{"line":81,"column":30}},{"start":{"line":81,"column":34},"end":{"line":81,"column":38}}]}},"s":{"0":5,"1":5,"2":1,"3":1,"4":1,"5":5,"6":5,"7":1,"8":1,"9":1,"10":5,"11":5,"12":7,"13":7,"14":7,"15":5,"16":5,"17":1,"18":1,"19":1,"20":5,"21":5,"22":1,"23":1,"24":1,"25":5,"26":5,"27":1,"28":1,"29":1,"30":5,"31":5,"32":7,"33":7,"34":7,"35":5},"f":{"0":1,"1":1,"2":7,"3":1,"4":1,"5":1,"6":7},"b":{"0":[7,1]}}
,"C:\\Users\\GAB\\Desktop\\ELM\\src\\routers\\comments.routers.ts": {"path":"C:\\Users\\GAB\\Desktop\\ELM\\src\\routers\\comments.routers.ts","statementMap":{"0":{"start":{"line":1,"column":0},"end":{"line":1,"column":73}},"1":{"start":{"line":5,"column":24},"end":{"line":9,"column":1}},"2":{"start":{"line":6,"column":8},"end":{"line":6,"column":null}},"3":{"start":{"line":7,"column":8},"end":{"line":7,"column":null}},"4":{"start":{"line":8,"column":8},"end":{"line":8,"column":null}},"5":{"start":{"line":11,"column":0},"end":{"line":11,"column":31}}},"fnMap":{"0":{"name":"(anonymous_9)","decl":{"start":{"line":5,"column":24},"end":{"line":5,"column":25}},"loc":{"start":{"line":5,"column":40},"end":{"line":9,"column":1}}}},"branchMap":{},"s":{"0":4,"1":4,"2":4,"3":4,"4":4,"5":4},"f":{"0":4},"b":{}}
,"C:\\Users\\GAB\\Desktop\\ELM\\src\\routers\\leaverequest.router.ts": {"path":"C:\\Users\\GAB\\Desktop\\ELM\\src\\routers\\leaverequest.router.ts","statementMap":{"0":{"start":{"line":2,"column":0},"end":{"line":2,"column":71}},"1":{"start":{"line":3,"column":0},"end":{"line":3,"column":61}},"2":{"start":{"line":6,"column":27},"end":{"line":13,"column":1}},"3":{"start":{"line":7,"column":8},"end":{"line":7,"column":null}},"4":{"start":{"line":8,"column":8},"end":{"line":8,"column":null}},"5":{"start":{"line":9,"column":8},"end":{"line":9,"column":null}},"6":{"start":{"line":10,"column":8},"end":{"line":10,"column":null}},"7":{"start":{"line":11,"column":8},"end":{"line":11,"column":null}},"8":{"start":{"line":12,"column":8},"end":{"line":12,"column":null}},"9":{"start":{"line":15,"column":0},"end":{"line":15,"column":34}}},"fnMap":{"0":{"name":"(anonymous_9)","decl":{"start":{"line":6,"column":27},"end":{"line":6,"column":28}},"loc":{"start":{"line":6,"column":43},"end":{"line":13,"column":1}}}},"branchMap":{},"s":{"0":4,"1":4,"2":4,"3":4,"4":4,"5":4,"6":4,"7":4,"8":4,"9":4},"f":{"0":4},"b":{}}
,"C:\\Users\\GAB\\Desktop\\ELM\\src\\routers\\reports.routers.ts": {"path":"C:\\Users\\GAB\\Desktop\\ELM\\src\\routers\\reports.routers.ts","statementMap":{"0":{"start":{"line":2,"column":0},"end":{"line":2,"column":64}},"1":{"start":{"line":3,"column":0},"end":{"line":3,"column":51}},"2":{"start":{"line":5,"column":22},"end":{"line":7,"column":1}},"3":{"start":{"line":6,"column":2},"end":{"line":6,"column":45}},"4":{"start":{"line":9,"column":0},"end":{"line":9,"column":29}}},"fnMap":{"0":{"name":"(anonymous_0)","decl":{"start":{"line":5,"column":22},"end":{"line":5,"column":23}},"loc":{"start":{"line":5,"column":39},"end":{"line":7,"column":1}}}},"branchMap":{},"s":{"0":4,"1":4,"2":4,"3":4,"4":4},"f":{"0":4},"b":{}}
,"C:\\Users\\GAB\\Desktop\\ELM\\src\\routers\\users.router.ts": {"path":"C:\\Users\\GAB\\Desktop\\ELM\\src\\routers\\users.router.ts","statementMap":{"0":{"start":{"line":2,"column":0},"end":{"line":2,"column":67}},"1":{"start":{"line":3,"column":0},"end":{"line":3,"column":50}},"2":{"start":{"line":5,"column":19},"end":{"line":13,"column":1}},"3":{"start":{"line":6,"column":4},"end":{"line":6,"column":null}},"4":{"start":{"line":7,"column":4},"end":{"line":7,"column":null}},"5":{"start":{"line":8,"column":4},"end":{"line":8,"column":null}},"6":{"start":{"line":9,"column":4},"end":{"line":9,"column":null}},"7":{"start":{"line":10,"column":4},"end":{"line":10,"column":null}},"8":{"start":{"line":11,"column":4},"end":{"line":11,"column":null}},"9":{"start":{"line":12,"column":4},"end":{"line":12,"column":null}},"10":{"start":{"line":15,"column":0},"end":{"line":15,"column":26}}},"fnMap":{"0":{"name":"(anonymous_9)","decl":{"start":{"line":5,"column":19},"end":{"line":5,"column":20}},"loc":{"start":{"line":5,"column":35},"end":{"line":13,"column":1}}}},"branchMap":{},"s":{"0":4,"1":4,"2":4,"3":4,"4":4,"5":4,"6":4,"7":4,"8":4,"9":4,"10":4},"f":{"0":4},"b":{}}
,"C:\\Users\\GAB\\Desktop\\ELM\\src\\services\\comments.services.ts": {"path":"C:\\Users\\GAB\\Desktop\\ELM\\src\\services\\comments.services.ts","statementMap":{"0":{"start":{"line":1,"column":0},"end":{"line":1,"column":73}},"1":{"start":{"line":5,"column":31},"end":{"line":14,"column":1}},"2":{"start":{"line":6,"column":0},"end":{"line":8,"column":1}},"3":{"start":{"line":7,"column":4},"end":{"line":7,"column":null}},"4":{"start":{"line":9,"column":24},"end":{"line":9,"column":67}},"5":{"start":{"line":10,"column":0},"end":{"line":12,"column":1}},"6":{"start":{"line":11,"column":4},"end":{"line":11,"column":null}},"7":{"start":{"line":13,"column":0},"end":{"line":13,"column":23}},"8":{"start":{"line":5,"column":13},"end":{"line":5,"column":31}},"9":{"start":{"line":17,"column":26},"end":{"line":17,"column":101}},"10":{"start":{"line":17,"column":57},"end":{"line":17,"column":101}},"11":{"start":{"line":17,"column":13},"end":{"line":17,"column":26}},"12":{"start":{"line":20,"column":29},"end":{"line":30,"column":1}},"13":{"start":{"line":21,"column":6},"end":{"line":23,"column":5}},"14":{"start":{"line":22,"column":8},"end":{"line":22,"column":null}},"15":{"start":{"line":24,"column":28},"end":{"line":24,"column":71}},"16":{"start":{"line":25,"column":4},"end":{"line":27,"column":5}},"17":{"start":{"line":26,"column":8},"end":{"line":26,"column":null}},"18":{"start":{"line":28,"column":4},"end":{"line":28,"column":null}},"19":{"start":{"line":20,"column":13},"end":{"line":20,"column":29}}},"fnMap":{"0":{"name":"(anonymous_9)","decl":{"start":{"line":5,"column":31},"end":{"line":5,"column":36}},"loc":{"start":{"line":5,"column":50},"end":{"line":14,"column":1}}},"1":{"name":"(anonymous_10)","decl":{"start":{"line":17,"column":26},"end":{"line":17,"column":31}},"loc":{"start":{"line":17,"column":57},"end":{"line":17,"column":101}}},"2":{"name":"(anonymous_11)","decl":{"start":{"line":20,"column":29},"end":{"line":20,"column":34}},"loc":{"start":{"line":20,"column":68},"end":{"line":30,"column":1}}}},"branchMap":{"0":{"loc":{"start":{"line":6,"column":0},"end":{"line":8,"column":1}},"type":"if","locations":[{"start":{"line":6,"column":0},"end":{"line":8,"column":1}},{"start":{},"end":{}}]},"1":{"loc":{"start":{"line":10,"column":0},"end":{"line":12,"column":1}},"type":"if","locations":[{"start":{"line":10,"column":0},"end":{"line":12,"column":1}},{"start":{},"end":{}}]},"2":{"loc":{"start":{"line":21,"column":6},"end":{"line":23,"column":5}},"type":"if","locations":[{"start":{"line":21,"column":6},"end":{"line":23,"column":5}},{"start":{},"end":{}}]},"3":{"loc":{"start":{"line":25,"column":4},"end":{"line":27,"column":5}},"type":"if","locations":[{"start":{"line":25,"column":4},"end":{"line":27,"column":5}},{"start":{},"end":{}}]}},"s":{"0":5,"1":5,"2":6,"3":3,"4":3,"5":3,"6":2,"7":1,"8":5,"9":5,"10":1,"11":5,"12":5,"13":4,"14":1,"15":3,"16":3,"17":2,"18":1,"19":5},"f":{"0":6,"1":1,"2":4},"b":{"0":[3,3],"1":[2,1],"2":[1,3],"3":[2,1]}}
,"C:\\Users\\GAB\\Desktop\\ELM\\src\\services\\leaverequest.services.ts": {"path":"C:\\Users\\GAB\\Desktop\\ELM\\src\\services\\leaverequest.services.ts","statementMap":{"0":{"start":{"line":1,"column":0},"end":{"line":1,"column":71}},"1":{"start":{"line":4,"column":28},"end":{"line":4,"column":99}},"2":{"start":{"line":4,"column":61},"end":{"line":4,"column":99}},"3":{"start":{"line":4,"column":13},"end":{"line":4,"column":28}},"4":{"start":{"line":9,"column":28},"end":{"line":18,"column":1}},"5":{"start":{"line":10,"column":4},"end":{"line":12,"column":5}},"6":{"start":{"line":11,"column":8},"end":{"line":11,"column":null}},"7":{"start":{"line":13,"column":26},"end":{"line":13,"column":61}},"8":{"start":{"line":14,"column":4},"end":{"line":16,"column":5}},"9":{"start":{"line":15,"column":8},"end":{"line":15,"column":null}},"10":{"start":{"line":17,"column":4},"end":{"line":17,"column":25}},"11":{"start":{"line":9,"column":13},"end":{"line":9,"column":28}},"12":{"start":{"line":20,"column":28},"end":{"line":29,"column":1}},"13":{"start":{"line":21,"column":4},"end":{"line":23,"column":5}},"14":{"start":{"line":22,"column":8},"end":{"line":22,"column":null}},"15":{"start":{"line":24,"column":26},"end":{"line":24,"column":61}},"16":{"start":{"line":25,"column":4},"end":{"line":27,"column":5}},"17":{"start":{"line":26,"column":8},"end":{"line":26,"column":null}},"18":{"start":{"line":28,"column":4},"end":{"line":28,"column":25}},"19":{"start":{"line":20,"column":13},"end":{"line":20,"column":28}},"20":{"start":{"line":32,"column":28},"end":{"line":32,"column":77}},"21":{"start":{"line":32,"column":40},"end":{"line":32,"column":77}},"22":{"start":{"line":32,"column":13},"end":{"line":32,"column":28}},"23":{"start":{"line":35,"column":27},"end":{"line":45,"column":1}},"24":{"start":{"line":36,"column":6},"end":{"line":38,"column":5}},"25":{"start":{"line":37,"column":8},"end":{"line":37,"column":null}},"26":{"start":{"line":39,"column":26},"end":{"line":39,"column":61}},"27":{"start":{"line":40,"column":4},"end":{"line":42,"column":5}},"28":{"start":{"line":41,"column":8},"end":{"line":41,"column":null}},"29":{"start":{"line":43,"column":4},"end":{"line":43,"column":null}},"30":{"start":{"line":35,"column":13},"end":{"line":35,"column":27}},"31":{"start":{"line":47,"column":27},"end":{"line":57,"column":1}},"32":{"start":{"line":48,"column":6},"end":{"line":50,"column":5}},"33":{"start":{"line":49,"column":8},"end":{"line":49,"column":null}},"34":{"start":{"line":51,"column":26},"end":{"line":51,"column":61}},"35":{"start":{"line":52,"column":4},"end":{"line":54,"column":5}},"36":{"start":{"line":53,"column":8},"end":{"line":53,"column":null}},"37":{"start":{"line":55,"column":4},"end":{"line":55,"column":null}},"38":{"start":{"line":47,"column":13},"end":{"line":47,"column":27}}},"fnMap":{"0":{"name":"(anonymous_9)","decl":{"start":{"line":4,"column":28},"end":{"line":4,"column":33}},"loc":{"start":{"line":4,"column":61},"end":{"line":4,"column":99}}},"1":{"name":"(anonymous_10)","decl":{"start":{"line":9,"column":28},"end":{"line":9,"column":33}},"loc":{"start":{"line":9,"column":47},"end":{"line":18,"column":1}}},"2":{"name":"(anonymous_11)","decl":{"start":{"line":20,"column":28},"end":{"line":20,"column":33}},"loc":{"start":{"line":20,"column":47},"end":{"line":29,"column":1}}},"3":{"name":"(anonymous_12)","decl":{"start":{"line":32,"column":28},"end":{"line":32,"column":33}},"loc":{"start":{"line":32,"column":40},"end":{"line":32,"column":77}}},"4":{"name":"(anonymous_13)","decl":{"start":{"line":35,"column":27},"end":{"line":35,"column":32}},"loc":{"start":{"line":35,"column":72},"end":{"line":45,"column":1}}},"5":{"name":"(anonymous_14)","decl":{"start":{"line":47,"column":27},"end":{"line":47,"column":32}},"loc":{"start":{"line":47,"column":46},"end":{"line":57,"column":1}}}},"branchMap":{"0":{"loc":{"start":{"line":10,"column":4},"end":{"line":12,"column":5}},"type":"if","locations":[{"start":{"line":10,"column":4},"end":{"line":12,"column":5}},{"start":{},"end":{}}]},"1":{"loc":{"start":{"line":14,"column":4},"end":{"line":16,"column":5}},"type":"if","locations":[{"start":{"line":14,"column":4},"end":{"line":16,"column":5}},{"start":{},"end":{}}]},"2":{"loc":{"start":{"line":14,"column":7},"end":{"line":14,"column":51}},"type":"binary-expr","locations":[{"start":{"line":14,"column":7},"end":{"line":14,"column":21}},{"start":{"line":14,"column":25},"end":{"line":14,"column":51}}]},"3":{"loc":{"start":{"line":21,"column":4},"end":{"line":23,"column":5}},"type":"if","locations":[{"start":{"line":21,"column":4},"end":{"line":23,"column":5}},{"start":{},"end":{}}]},"4":{"loc":{"start":{"line":25,"column":4},"end":{"line":27,"column":5}},"type":"if","locations":[{"start":{"line":25,"column":4},"end":{"line":27,"column":5}},{"start":{},"end":{}}]},"5":{"loc":{"start":{"line":36,"column":6},"end":{"line":38,"column":5}},"type":"if","locations":[{"start":{"line":36,"column":6},"end":{"line":38,"column":5}},{"start":{},"end":{}}]},"6":{"loc":{"start":{"line":40,"column":4},"end":{"line":42,"column":5}},"type":"if","locations":[{"start":{"line":40,"column":4},"end":{"line":42,"column":5}},{"start":{},"end":{}}]},"7":{"loc":{"start":{"line":48,"column":6},"end":{"line":50,"column":5}},"type":"if","locations":[{"start":{"line":48,"column":6},"end":{"line":50,"column":5}},{"start":{},"end":{}}]},"8":{"loc":{"start":{"line":52,"column":4},"end":{"line":54,"column":5}},"type":"if","locations":[{"start":{"line":52,"column":4},"end":{"line":54,"column":5}},{"start":{},"end":{}}]}},"s":{"0":5,"1":5,"2":2,"3":5,"4":5,"5":5,"6":2,"7":3,"8":3,"9":1,"10":2,"11":5,"12":5,"13":5,"14":2,"15":3,"16":3,"17":2,"18":1,"19":5,"20":5,"21":2,"22":5,"23":5,"24":2,"25":0,"26":2,"27":2,"28":1,"29":1,"30":5,"31":5,"32":3,"33":0,"34":3,"35":3,"36":2,"37":1,"38":5},"f":{"0":2,"1":5,"2":5,"3":2,"4":2,"5":3},"b":{"0":[2,3],"1":[1,2],"2":[3,3],"3":[2,3],"4":[2,1],"5":[0,2],"6":[1,1],"7":[0,3],"8":[2,1]}}
,"C:\\Users\\GAB\\Desktop\\ELM\\src\\services\\reports.services.ts": {"path":"C:\\Users\\GAB\\Desktop\\ELM\\src\\services\\reports.services.ts","statementMap":{"0":{"start":{"line":2,"column":0},"end":{"line":2,"column":58}},"1":{"start":{"line":4,"column":26},"end":{"line":38,"column":1}},"2":{"start":{"line":12,"column":6},"end":{"line":19,"column":4}},"3":{"start":{"line":21,"column":26},"end":{"line":23,"column":12}},"4":{"start":{"line":25,"column":2},"end":{"line":37,"column":4}},"5":{"start":{"line":4,"column":13},"end":{"line":4,"column":26}}},"fnMap":{"0":{"name":"(anonymous_9)","decl":{"start":{"line":4,"column":26},"end":{"line":4,"column":31}},"loc":{"start":{"line":4,"column":37},"end":{"line":38,"column":1}}}},"branchMap":{"0":{"loc":{"start":{"line":21,"column":26},"end":{"line":23,"column":12}},"type":"cond-expr","locations":[{"start":{"line":22,"column":6},"end":{"line":22,"column":65}},{"start":{"line":23,"column":6},"end":{"line":23,"column":12}}]}},"s":{"0":5,"1":5,"2":2,"3":2,"4":2,"5":5},"f":{"0":2},"b":{"0":[2,0]}}
,"C:\\Users\\GAB\\Desktop\\ELM\\src\\services\\users.services.ts": {"path":"C:\\Users\\GAB\\Desktop\\ELM\\src\\services\\users.services.ts","statementMap":{"0":{"start":{"line":1,"column":0},"end":{"line":1,"column":67}},"1":{"start":{"line":3,"column":0},"end":{"line":3,"column":28}},"2":{"start":{"line":4,"column":0},"end":{"line":4,"column":31}},"3":{"start":{"line":5,"column":0},"end":{"line":5,"column":28}},"4":{"start":{"line":7,"column":0},"end":{"line":7,"column":null}},"5":{"start":{"line":9,"column":26},"end":{"line":16,"column":1}},"6":{"start":{"line":10,"column":5},"end":{"line":13,"column":5}},"7":{"start":{"line":11,"column":8},"end":{"line":11,"column":61}},"8":{"start":{"line":12,"column":8},"end":{"line":12,"column":35}},"9":{"start":{"line":14,"column":2},"end":{"line":14,"column":47}},"10":{"start":{"line":9,"column":13},"end":{"line":9,"column":26}},"11":{"start":{"line":18,"column":25},"end":{"line":18,"column":71}},"12":{"start":{"line":18,"column":37},"end":{"line":18,"column":71}},"13":{"start":{"line":18,"column":13},"end":{"line":18,"column":25}},"14":{"start":{"line":22,"column":27},"end":{"line":33,"column":1}},"15":{"start":{"line":23,"column":2},"end":{"line":25,"column":3}},"16":{"start":{"line":24,"column":4},"end":{"line":24,"column":39}},"17":{"start":{"line":27,"column":23},"end":{"line":27,"column":59}},"18":{"start":{"line":28,"column":2},"end":{"line":30,"column":3}},"19":{"start":{"line":29,"column":4},"end":{"line":29,"column":38}},"20":{"start":{"line":32,"column":2},"end":{"line":32,"column":22}},"21":{"start":{"line":22,"column":13},"end":{"line":22,"column":27}},"22":{"start":{"line":36,"column":26},"end":{"line":48,"column":1}},"23":{"start":{"line":38,"column":2},"end":{"line":40,"column":3}},"24":{"start":{"line":39,"column":4},"end":{"line":39,"column":39}},"25":{"start":{"line":42,"column":23},"end":{"line":42,"column":59}},"26":{"start":{"line":43,"column":2},"end":{"line":45,"column":3}},"27":{"start":{"line":44,"column":4},"end":{"line":44,"column":38}},"28":{"start":{"line":47,"column":2},"end":{"line":47,"column":51}},"29":{"start":{"line":36,"column":13},"end":{"line":36,"column":26}},"30":{"start":{"line":52,"column":30},"end":{"line":67,"column":1}},"31":{"start":{"line":53,"column":7},"end":{"line":56,"column":5}},"32":{"start":{"line":54,"column":8},"end":{"line":54,"column":61}},"33":{"start":{"line":55,"column":8},"end":{"line":55,"column":35}},"34":{"start":{"line":57,"column":2},"end":{"line":59,"column":3}},"35":{"start":{"line":58,"column":4},"end":{"line":58,"column":39}},"36":{"start":{"line":61,"column":23},"end":{"line":61,"column":59}},"37":{"start":{"line":62,"column":2},"end":{"line":64,"column":3}},"38":{"start":{"line":63,"column":4},"end":{"line":63,"column":38}},"39":{"start":{"line":66,"column":2},"end":{"line":66,"column":55}},"40":{"start":{"line":52,"column":13},"end":{"line":52,"column":30}},"41":{"start":{"line":71,"column":26},"end":{"line":82,"column":1}},"42":{"start":{"line":72,"column":2},"end":{"line":74,"column":3}},"43":{"start":{"line":73,"column":4},"end":{"line":73,"column":39}},"44":{"start":{"line":76,"column":23},"end":{"line":76,"column":59}},"45":{"start":{"line":77,"column":2},"end":{"line":79,"column":3}},"46":{"start":{"line":78,"column":4},"end":{"line":78,"column":38}},"47":{"start":{"line":81,"column":2},"end":{"line":81,"column":45}},"48":{"start":{"line":71,"column":13},"end":{"line":71,"column":26}},"49":{"start":{"line":86,"column":25},"end":{"line":123,"column":1}},"50":{"start":{"line":88,"column":17},"end":{"line":88,"column":59}},"51":{"start":{"line":89,"column":4},"end":{"line":91,"column":5}},"52":{"start":{"line":90,"column":8},"end":{"line":90,"column":42}},"53":{"start":{"line":94,"column":20},"end":{"line":94,"column":65}},"54":{"start":{"line":95,"column":4},"end":{"line":97,"column":5}},"55":{"start":{"line":96,"column":8},"end":{"line":96,"column":47}},"56":{"start":{"line":100,"column":20},"end":{"line":105,"column":null}},"57":{"start":{"line":108,"column":19},"end":{"line":108,"column":51}},"58":{"start":{"line":109,"column":4},"end":{"line":109,"column":59}},"59":{"start":{"line":109,"column":17},"end":{"line":109,"column":59}},"60":{"start":{"line":110,"column":18},"end":{"line":110,"column":43}},"61":{"start":{"line":113,"column":4},"end":{"line":122,"column":null}},"62":{"start":{"line":86,"column":13},"end":{"line":86,"column":25}}},"fnMap":{"0":{"name":"(anonymous_10)","decl":{"start":{"line":9,"column":26},"end":{"line":9,"column":31}},"loc":{"start":{"line":9,"column":47},"end":{"line":16,"column":1}}},"1":{"name":"(anonymous_11)","decl":{"start":{"line":18,"column":25},"end":{"line":18,"column":30}},"loc":{"start":{"line":18,"column":37},"end":{"line":18,"column":71}}},"2":{"name":"(anonymous_12)","decl":{"start":{"line":22,"column":27},"end":{"line":22,"column":32}},"loc":{"start":{"line":22,"column":48},"end":{"line":33,"column":1}}},"3":{"name":"(anonymous_13)","decl":{"start":{"line":36,"column":26},"end":{"line":36,"column":31}},"loc":{"start":{"line":36,"column":59},"end":{"line":48,"column":1}}},"4":{"name":"(anonymous_14)","decl":{"start":{"line":52,"column":30},"end":{"line":52,"column":35}},"loc":{"start":{"line":52,"column":63},"end":{"line":67,"column":1}}},"5":{"name":"(anonymous_15)","decl":{"start":{"line":71,"column":26},"end":{"line":71,"column":31}},"loc":{"start":{"line":71,"column":47},"end":{"line":82,"column":1}}},"6":{"name":"(anonymous_16)","decl":{"start":{"line":86,"column":25},"end":{"line":86,"column":30}},"loc":{"start":{"line":86,"column":67},"end":{"line":123,"column":1}}}},"branchMap":{"0":{"loc":{"start":{"line":10,"column":5},"end":{"line":13,"column":5}},"type":"if","locations":[{"start":{"line":10,"column":5},"end":{"line":13,"column":5}},{"start":{},"end":{}}]},"1":{"loc":{"start":{"line":23,"column":2},"end":{"line":25,"column":3}},"type":"if","locations":[{"start":{"line":23,"column":2},"end":{"line":25,"column":3}},{"start":{},"end":{}}]},"2":{"loc":{"start":{"line":28,"column":2},"end":{"line":30,"column":3}},"type":"if","locations":[{"start":{"line":28,"column":2},"end":{"line":30,"column":3}},{"start":{},"end":{}}]},"3":{"loc":{"start":{"line":38,"column":2},"end":{"line":40,"column":3}},"type":"if","locations":[{"start":{"line":38,"column":2},"end":{"line":40,"column":3}},{"start":{},"end":{}}]},"4":{"loc":{"start":{"line":43,"column":2},"end":{"line":45,"column":3}},"type":"if","locations":[{"start":{"line":43,"column":2},"end":{"line":45,"column":3}},{"start":{},"end":{}}]},"5":{"loc":{"start":{"line":53,"column":7},"end":{"line":56,"column":5}},"type":"if","locations":[{"start":{"line":53,"column":7},"end":{"line":56,"column":5}},{"start":{},"end":{}}]},"6":{"loc":{"start":{"line":57,"column":2},"end":{"line":59,"column":3}},"type":"if","locations":[{"start":{"line":57,"column":2},"end":{"line":59,"column":3}},{"start":{},"end":{}}]},"7":{"loc":{"start":{"line":62,"column":2},"end":{"line":64,"column":3}},"type":"if","locations":[{"start":{"line":62,"column":2},"end":{"line":64,"column":3}},{"start":{},"end":{}}]},"8":{"loc":{"start":{"line":72,"column":2},"end":{"line":74,"column":3}},"type":"if","locations":[{"start":{"line":72,"column":2},"end":{"line":74,"column":3}},{"start":{},"end":{}}]},"9":{"loc":{"start":{"line":77,"column":2},"end":{"line":79,"column":3}},"type":"if","locations":[{"start":{"line":77,"column":2},"end":{"line":79,"column":3}},{"start":{},"end":{}}]},"10":{"loc":{"start":{"line":89,"column":4},"end":{"line":91,"column":5}},"type":"if","locations":[{"start":{"line":89,"column":4},"end":{"line":91,"column":5}},{"start":{},"end":{}}]},"11":{"loc":{"start":{"line":95,"column":4},"end":{"line":97,"column":5}},"type":"if","locations":[{"start":{"line":95,"column":4},"end":{"line":97,"column":5}},{"start":{},"end":{}}]},"12":{"loc":{"start":{"line":109,"column":4},"end":{"line":109,"column":59}},"type":"if","locations":[{"start":{"line":109,"column":4},"end":{"line":109,"column":59}},{"start":{},"end":{}}]}},"s":{"0":5,"1":5,"2":5,"3":5,"4":5,"5":5,"6":2,"7":2,"8":2,"9":2,"10":5,"11":5,"12":2,"13":5,"14":5,"15":4,"16":1,"17":3,"18":3,"19":1,"20":2,"21":5,"22":5,"23":3,"24":0,"25":3,"26":3,"27":1,"28":2,"29":5,"30":5,"31":2,"32":2,"33":2,"34":2,"35":0,"36":2,"37":2,"38":0,"39":2,"40":5,"41":5,"42":3,"43":0,"44":3,"45":3,"46":1,"47":2,"48":5,"49":5,"50":8,"51":8,"52":1,"53":7,"54":7,"55":1,"56":6,"57":6,"58":6,"59":0,"60":6,"61":6,"62":5},"f":{"0":2,"1":2,"2":4,"3":3,"4":2,"5":3,"6":8},"b":{"0":[2,0],"1":[1,3],"2":[1,2],"3":[0,3],"4":[1,2],"5":[2,0],"6":[0,2],"7":[0,2],"8":[0,3],"9":[1,2],"10":[1,7],"11":[1,6],"12":[0,6]}}
}
