TN:
SF:src\index.ts
FN:10,(anonymous_1)
FN:26,(anonymous_2)
FNF:2
FNH:1
FNDA:4,(anonymous_1)
FNDA:0,(anonymous_2)
DA:1,4
DA:2,4
DA:3,4
DA:4,4
DA:5,4
DA:6,4
DA:10,4
DA:12,4
DA:14,4
DA:15,4
DA:21,4
DA:22,4
DA:23,4
DA:24,4
DA:26,4
DA:27,0
DA:30,4
DA:34,4
DA:36,4
LF:19
LH:18
BRF:0
BRH:0
end_of_record
TN:
SF:src\server.ts
FN:13,(anonymous_1)
FN:19,(anonymous_2)
FN:20,(anonymous_3)
FNF:3
FNH:0
FNDA:0,(anonymous_1)
FNDA:0,(anonymous_2)
FNDA:0,(anonymous_3)
DA:1,0
DA:2,0
DA:3,0
DA:6,0
DA:12,0
DA:13,0
DA:14,0
DA:18,0
DA:19,0
DA:20,0
LF:10
LH:0
BRF:0
BRH:0
end_of_record
TN:
SF:src\controllers\comments.controller.ts
FN:4,(anonymous_9)
FN:21,(anonymous_10)
FN:32,(anonymous_11)
FNF:3
FNH:2
FNDA:3,(anonymous_9)
FNDA:0,(anonymous_10)
FNDA:1,(anonymous_11)
DA:1,4
DA:4,4
DA:5,3
DA:7,3
DA:8,3
DA:9,0
DA:11,3
DA:12,2
DA:13,1
DA:14,1
DA:16,0
DA:21,4
DA:23,0
DA:24,0
DA:25,0
DA:26,0
DA:28,0
DA:32,4
DA:33,1
DA:34,1
DA:35,1
DA:36,1
DA:37,0
DA:39,1
DA:40,0
DA:41,1
DA:42,1
DA:44,0
LF:28
LH:18
BRDA:11,0,0,2
BRDA:11,0,1,1
BRDA:13,1,0,1
BRDA:13,1,1,0
BRDA:39,2,0,0
BRDA:39,2,1,1
BRDA:41,3,0,1
BRDA:41,3,1,0
BRF:8
BRH:5
end_of_record
TN:
SF:src\controllers\leaverequest.controllers.ts
FN:4,(anonymous_9)
FN:16,(anonymous_10)
FN:34,(anonymous_11)
FN:52,(anonymous_12)
FN:64,(anonymous_13)
FN:82,(anonymous_14)
FNF:6
FNH:5
FNDA:1,(anonymous_9)
FNDA:3,(anonymous_10)
FNDA:2,(anonymous_11)
FNDA:1,(anonymous_12)
FNDA:0,(anonymous_13)
FNDA:1,(anonymous_14)
DA:2,4
DA:4,4
DA:6,1
DA:7,1
DA:8,1
DA:10,1
DA:12,0
DA:16,4
DA:17,3
DA:19,3
DA:20,3
DA:21,1
DA:23,2
DA:24,1
DA:25,1
DA:26,1
DA:28,0
DA:34,4
DA:35,2
DA:37,2
DA:38,2
DA:39,0
DA:41,2
DA:42,1
DA:43,1
DA:44,1
DA:46,0
DA:52,4
DA:53,1
DA:54,1
DA:55,1
DA:57,0
DA:64,4
DA:65,0
DA:66,0
DA:67,0
DA:68,0
DA:69,0
DA:71,0
DA:72,0
DA:73,0
DA:74,0
DA:76,0
DA:82,4
DA:83,1
DA:85,1
DA:86,1
DA:87,0
DA:89,1
DA:90,0
DA:91,1
DA:92,1
DA:94,0
LF:53
LH:35
BRDA:23,0,0,1
BRDA:23,0,1,1
BRDA:25,1,0,1
BRDA:25,1,1,0
BRDA:41,2,0,1
BRDA:41,2,1,1
BRDA:43,3,0,1
BRDA:43,3,1,0
BRDA:71,4,0,0
BRDA:71,4,1,0
BRDA:73,5,0,0
BRDA:73,5,1,0
BRDA:89,6,0,0
BRDA:89,6,1,1
BRDA:91,7,0,1
BRDA:91,7,1,0
BRF:16
BRH:8
end_of_record
TN:
SF:src\controllers\reports.controllers.ts
FN:5,(anonymous_9)
FNF:1
FNH:1
FNDA:1,(anonymous_9)
DA:3,4
DA:5,4
DA:6,1
DA:7,1
DA:8,1
DA:10,0
DA:11,0
LF:7
LH:5
BRDA:13,0,0,0
BRDA:13,0,1,0
BRF:2
BRH:0
end_of_record
TN:
SF:src\controllers\users.controllers.ts
FN:4,(anonymous_9)
FN:14,(anonymous_10)
FN:23,(anonymous_11)
FN:39,(anonymous_12)
FN:57,(anonymous_13)
FN:80,(anonymous_14)
FN:97,(anonymous_15)
FNF:7
FNH:7
FNDA:1,(anonymous_9)
FNDA:1,(anonymous_10)
FNDA:3,(anonymous_11)
FNDA:2,(anonymous_12)
FNDA:1,(anonymous_13)
FNDA:2,(anonymous_14)
FNDA:7,(anonymous_15)
DA:2,4
DA:4,4
DA:5,1
DA:6,1
DA:7,1
DA:8,1
DA:10,0
DA:14,4
DA:15,1
DA:16,1
DA:17,1
DA:19,0
DA:23,4
DA:24,3
DA:26,3
DA:27,3
DA:28,1
DA:30,2
DA:31,1
DA:32,1
DA:33,1
DA:35,0
DA:39,4
DA:40,2
DA:41,2
DA:43,2
DA:44,2
DA:45,1
DA:47,1
DA:48,0
DA:49,1
DA:50,1
DA:52,0
DA:57,4
DA:58,1
DA:59,1
DA:61,1
DA:62,1
DA:63,1
DA:65,0
DA:66,0
DA:67,0
DA:68,0
DA:70,0
DA:80,4
DA:81,2
DA:83,2
DA:84,2
DA:85,1
DA:87,1
DA:88,0
DA:89,1
DA:90,1
DA:92,0
DA:97,4
DA:98,7
DA:99,7
DA:101,7
DA:102,5
DA:104,2
DA:105,1
DA:106,1
DA:107,1
DA:109,0
LF:64
LH:51
BRDA:30,0,0,1
BRDA:30,0,1,1
BRDA:32,1,0,1
BRDA:32,1,1,0
BRDA:47,2,0,0
BRDA:47,2,1,1
BRDA:49,3,0,1
BRDA:49,3,1,0
BRDA:65,4,0,0
BRDA:65,4,1,0
BRDA:67,5,0,0
BRDA:67,5,1,0
BRDA:87,6,0,0
BRDA:87,6,1,1
BRDA:89,7,0,1
BRDA:89,7,1,0
BRDA:104,8,0,1
BRDA:104,8,1,1
BRDA:106,9,0,1
BRDA:106,9,1,0
BRF:20
BRH:10
end_of_record
TN:
SF:src\db\config.ts
FN:40,(anonymous_1)
FNF:1
FNH:1
FNDA:37,(anonymous_1)
DA:1,8
DA:2,8
DA:3,8
DA:5,8
DA:13,8
DA:15,8
DA:16,8
DA:17,8
DA:18,8
DA:19,8
DA:21,8
DA:40,8
DA:41,37
DA:42,37
DA:43,37
DA:45,0
DA:46,0
LF:17
LH:15
BRF:0
BRH:0
end_of_record
TN:
SF:src\middleware\bearAuth.ts
FN:7,(anonymous_1)
FN:8,(anonymous_2)
FNF:2
FNH:2
FNDA:12,(anonymous_1)
FNDA:18,(anonymous_2)
DA:1,4
DA:2,4
DA:5,4
DA:7,4
DA:8,12
DA:9,18
DA:12,18
DA:13,0
DA:14,0
DA:17,18
DA:19,18
DA:21,18
DA:24,18
DA:27,18
DA:32,18
DA:34,0
DA:35,0
DA:36,0
DA:38,18
DA:40,18
DA:41,18
DA:44,0
DA:45,0
DA:48,0
DA:49,0
DA:53,0
DA:54,0
DA:59,4
DA:60,4
DA:61,4
LF:30
LH:19
BRDA:12,0,0,0
BRDA:12,0,1,18
BRDA:12,1,0,18
BRDA:12,1,1,18
BRDA:27,2,0,18
BRDA:27,2,1,0
BRDA:27,3,0,18
BRDA:27,3,1,18
BRDA:27,3,2,18
BRDA:32,4,0,0
BRDA:32,4,1,18
BRDA:34,5,0,0
BRDA:34,5,1,0
BRDA:34,6,0,0
BRDA:34,6,1,0
BRDA:38,7,0,18
BRDA:38,7,1,0
BRF:17
BRH:9
end_of_record
TN:
SF:src\repositories\comments.repository.ts
FN:4,(anonymous_0)
FN:14,(anonymous_1)
FN:26,(anonymous_2)
FNF:3
FNH:1
FNDA:2,(anonymous_0)
FNDA:0,(anonymous_1)
FNDA:0,(anonymous_2)
DA:1,5
DA:4,5
DA:5,2
DA:6,2
DA:10,2
DA:14,5
DA:15,0
DA:16,0
DA:23,0
DA:26,5
DA:27,0
DA:28,0
DA:36,0
LF:13
LH:7
BRF:0
BRH:0
end_of_record
TN:
SF:src\repositories\leaverequest.repository.ts
FN:4,(anonymous_0)
FN:16,(anonymous_1)
FN:40,(anonymous_2)
FN:51,(anonymous_3)
FN:77,(anonymous_4)
FN:90,(anonymous_5)
FNF:6
FNH:4
FNDA:1,(anonymous_0)
FNDA:2,(anonymous_1)
FNDA:2,(anonymous_2)
FNDA:1,(anonymous_3)
FNDA:0,(anonymous_4)
FNDA:0,(anonymous_5)
DA:1,5
DA:4,5
DA:5,1
DA:6,1
DA:13,1
DA:16,5
DA:17,2
DA:18,2
DA:36,2
DA:40,5
DA:41,2
DA:42,2
DA:46,2
DA:51,5
DA:52,1
DA:53,1
DA:71,1
DA:77,5
DA:78,0
DA:79,0
DA:86,0
DA:90,5
DA:91,0
DA:92,0
DA:96,0
LF:25
LH:19
BRF:0
BRH:0
end_of_record
TN:
SF:src\repositories\reportsrepository.ts
FN:5,(anonymous_0)
FN:19,(anonymous_1)
FN:32,(anonymous_2)
FN:48,(anonymous_3)
FN:56,(anonymous_4)
FN:71,(anonymous_5)
FNF:6
FNH:6
FNDA:1,(anonymous_0)
FNDA:1,(anonymous_1)
FNDA:1,(anonymous_2)
FNDA:1,(anonymous_3)
FNDA:1,(anonymous_4)
FNDA:1,(anonymous_5)
DA:2,5
DA:5,5
DA:6,1
DA:7,1
DA:15,1
DA:19,5
DA:20,1
DA:21,1
DA:29,1
DA:32,5
DA:33,1
DA:34,1
DA:44,1
DA:48,5
DA:49,1
DA:50,1
DA:53,1
DA:56,5
DA:57,1
DA:58,1
DA:67,1
DA:71,5
DA:72,1
DA:73,1
DA:81,1
LF:25
LH:25
BRF:0
BRH:0
end_of_record
TN:
SF:src\repositories\users.repository.ts
FN:6,(anonymous_0)
FN:20,(anonymous_1)
FN:29,(anonymous_2)
FN:40,(anonymous_3)
FN:52,(anonymous_4)
FN:64,(anonymous_5)
FN:73,(anonymous_6)
FNF:7
FNH:7
FNDA:1,(anonymous_0)
FNDA:1,(anonymous_1)
FNDA:7,(anonymous_2)
FNDA:1,(anonymous_3)
FNDA:1,(anonymous_4)
FNDA:1,(anonymous_5)
FNDA:7,(anonymous_6)
DA:1,5
DA:6,5
DA:7,1
DA:8,1
DA:16,1
DA:20,5
DA:21,1
DA:22,1
DA:25,1
DA:29,5
DA:30,7
DA:31,7
DA:35,7
DA:40,5
DA:41,1
DA:42,1
DA:49,1
DA:52,5
DA:53,1
DA:54,1
DA:59,1
DA:64,5
DA:65,1
DA:66,1
DA:70,1
DA:73,5
DA:74,7
DA:75,7
DA:81,7
LF:29
LH:29
BRDA:81,0,0,7
BRDA:81,0,1,1
BRF:2
BRH:2
end_of_record
TN:
SF:src\routers\comments.routers.ts
FN:5,(anonymous_9)
FNF:1
FNH:1
FNDA:4,(anonymous_9)
DA:1,4
DA:5,4
DA:6,4
DA:7,4
DA:8,4
DA:11,4
LF:6
LH:6
BRF:0
BRH:0
end_of_record
TN:
SF:src\routers\leaverequest.router.ts
FN:6,(anonymous_9)
FNF:1
FNH:1
FNDA:4,(anonymous_9)
DA:2,4
DA:3,4
DA:6,4
DA:7,4
DA:8,4
DA:9,4
DA:10,4
DA:11,4
DA:12,4
DA:15,4
LF:10
LH:10
BRF:0
BRH:0
end_of_record
TN:
SF:src\routers\reports.routers.ts
FN:5,(anonymous_0)
FNF:1
FNH:1
FNDA:4,(anonymous_0)
DA:2,4
DA:3,4
DA:5,4
DA:6,4
DA:9,4
LF:5
LH:5
BRF:0
BRH:0
end_of_record
TN:
SF:src\routers\users.router.ts
FN:5,(anonymous_9)
FNF:1
FNH:1
FNDA:4,(anonymous_9)
DA:2,4
DA:3,4
DA:5,4
DA:6,4
DA:7,4
DA:8,4
DA:9,4
DA:10,4
DA:11,4
DA:12,4
DA:15,4
LF:11
LH:11
BRF:0
BRH:0
end_of_record
TN:
SF:src\services\comments.services.ts
FN:5,(anonymous_9)
FN:17,(anonymous_10)
FN:20,(anonymous_11)
FNF:3
FNH:3
FNDA:6,(anonymous_9)
FNDA:1,(anonymous_10)
FNDA:4,(anonymous_11)
DA:1,5
DA:5,5
DA:6,6
DA:7,3
DA:9,3
DA:10,3
DA:11,2
DA:13,1
DA:17,5
DA:20,5
DA:21,4
DA:22,1
DA:24,3
DA:25,3
DA:26,2
DA:28,1
LF:16
LH:16
BRDA:6,0,0,3
BRDA:6,0,1,3
BRDA:10,1,0,2
BRDA:10,1,1,1
BRDA:21,2,0,1
BRDA:21,2,1,3
BRDA:25,3,0,2
BRDA:25,3,1,1
BRF:8
BRH:8
end_of_record
TN:
SF:src\services\leaverequest.services.ts
FN:4,(anonymous_9)
FN:9,(anonymous_10)
FN:20,(anonymous_11)
FN:32,(anonymous_12)
FN:35,(anonymous_13)
FN:47,(anonymous_14)
FNF:6
FNH:6
FNDA:2,(anonymous_9)
FNDA:5,(anonymous_10)
FNDA:5,(anonymous_11)
FNDA:2,(anonymous_12)
FNDA:2,(anonymous_13)
FNDA:3,(anonymous_14)
DA:1,5
DA:4,5
DA:9,5
DA:10,5
DA:11,2
DA:13,3
DA:14,3
DA:15,1
DA:17,2
DA:20,5
DA:21,5
DA:22,2
DA:24,3
DA:25,3
DA:26,2
DA:28,1
DA:32,5
DA:35,5
DA:36,2
DA:37,0
DA:39,2
DA:40,2
DA:41,1
DA:43,1
DA:47,5
DA:48,3
DA:49,0
DA:51,3
DA:52,3
DA:53,2
DA:55,1
LF:31
LH:29
BRDA:10,0,0,2
BRDA:10,0,1,3
BRDA:14,1,0,1
BRDA:14,1,1,2
BRDA:14,2,0,3
BRDA:14,2,1,3
BRDA:21,3,0,2
BRDA:21,3,1,3
BRDA:25,4,0,2
BRDA:25,4,1,1
BRDA:36,5,0,0
BRDA:36,5,1,2
BRDA:40,6,0,1
BRDA:40,6,1,1
BRDA:48,7,0,0
BRDA:48,7,1,3
BRDA:52,8,0,2
BRDA:52,8,1,1
BRF:18
BRH:16
end_of_record
TN:
SF:src\services\reports.services.ts
FN:4,(anonymous_9)
FNF:1
FNH:1
FNDA:2,(anonymous_9)
DA:2,5
DA:4,5
DA:12,2
DA:21,2
DA:25,2
LF:5
LH:5
BRDA:21,0,0,2
BRDA:21,0,1,0
BRF:2
BRH:1
end_of_record
TN:
SF:src\services\users.services.ts
FN:9,(anonymous_10)
FN:18,(anonymous_11)
FN:22,(anonymous_12)
FN:36,(anonymous_13)
FN:52,(anonymous_14)
FN:71,(anonymous_15)
FN:86,(anonymous_16)
FNF:7
FNH:7
FNDA:2,(anonymous_10)
FNDA:2,(anonymous_11)
FNDA:4,(anonymous_12)
FNDA:3,(anonymous_13)
FNDA:2,(anonymous_14)
FNDA:3,(anonymous_15)
FNDA:8,(anonymous_16)
DA:1,5
DA:3,5
DA:4,5
DA:5,5
DA:7,5
DA:9,5
DA:10,2
DA:11,2
DA:12,2
DA:14,2
DA:18,5
DA:22,5
DA:23,4
DA:24,1
DA:27,3
DA:28,3
DA:29,1
DA:32,2
DA:36,5
DA:38,3
DA:39,0
DA:42,3
DA:43,3
DA:44,1
DA:47,2
DA:52,5
DA:53,2
DA:54,2
DA:55,2
DA:57,2
DA:58,0
DA:61,2
DA:62,2
DA:63,0
DA:66,2
DA:71,5
DA:72,3
DA:73,0
DA:76,3
DA:77,3
DA:78,1
DA:81,2
DA:86,5
DA:88,8
DA:89,8
DA:90,1
DA:94,7
DA:95,7
DA:96,1
DA:100,6
DA:108,6
DA:109,6
DA:110,6
DA:113,6
LF:54
LH:50
BRDA:10,0,0,2
BRDA:10,0,1,0
BRDA:23,1,0,1
BRDA:23,1,1,3
BRDA:28,2,0,1
BRDA:28,2,1,2
BRDA:38,3,0,0
BRDA:38,3,1,3
BRDA:43,4,0,1
BRDA:43,4,1,2
BRDA:53,5,0,2
BRDA:53,5,1,0
BRDA:57,6,0,0
BRDA:57,6,1,2
BRDA:62,7,0,0
BRDA:62,7,1,2
BRDA:72,8,0,0
BRDA:72,8,1,3
BRDA:77,9,0,1
BRDA:77,9,1,2
BRDA:89,10,0,1
BRDA:89,10,1,7
BRDA:95,11,0,1
BRDA:95,11,1,6
BRDA:109,12,0,0
BRDA:109,12,1,6
BRF:26
BRH:19
end_of_record
